<html>
<head>
<title>TestNG:  Default test</title>
<link href="../testng.css" rel="stylesheet" type="text/css" />
<link href="../my-testng.css" rel="stylesheet" type="text/css" />

<style type="text/css">
.log { display: none;} 
.stack-trace { display: none;} 
</style>
<script type="text/javascript">
<!--
function flip(e) {
  current = e.style.display;
  if (current == 'block') {
    e.style.display = 'none';
    return 0;
  }
  else {
    e.style.display = 'block';
    return 1;
  }
}

function toggleBox(szDivId, elem, msg1, msg2)
{
  var res = -1;  if (document.getElementById) {
    res = flip(document.getElementById(szDivId));
  }
  else if (document.all) {
    // this is the way old msie versions work
    res = flip(document.all[szDivId]);
  }
  if(elem) {
    if(res == 0) elem.innerHTML = msg1; else elem.innerHTML = msg2;
  }

}

function toggleAllBoxes() {
  if (document.getElementsByTagName) {
    d = document.getElementsByTagName('div');
    for (i = 0; i < d.length; i++) {
      if (d[i].className == 'log') {
        flip(d[i]);
      }
    }
  }
}

// -->
</script>

</head>
<body>
<h2 align='center'>Default test</h2><table border='1' align="center">
<tr>
<td>Tests passed/Failed/Skipped:</td><td>69/35/0</td>
</tr><tr>
<td>Started on:</td><td>Fri Oct 07 12:10:14 WIB 2022</td>
</tr>
<tr><td>Total time:</td><td>1444 seconds (1444120 ms)</td>
</tr><tr>
<td>Included groups:</td><td></td>
</tr><tr>
<td>Excluded groups:</td><td></td>
</tr>
</table><p/>
<small><i>(Hover the method name to see the test class name)</i></small><p/>
<table width='100%' border='1' class='invocation-failed'>
<tr><td colspan='4' align='center'><b>FAILED TESTS</b></td></tr>
<tr><td><b>Test method</b></td>
<td><b>Attribute(s)</b></td>
<td width="30%"><b>Exception</b></td>
<td width="10%"><b>Time (seconds)</b></td>
<td><b>Instance</b></td>
</tr>
<tr>
<td title='cucumber.framework.runner.siloam.ttddigital.TTDDigitalRunner.runScenario()'><b>runScenario</b><br>Test class: cucumber.framework.runner.siloam.ttddigital.TTDDigitalRunner<br>Test method: Runs Cucumber Scenarios<br>Parameters: "Siloam120 Sales Update Data Lima Kombinasi", "Update Data Sales Lima Kombinasi"</td>
<td><div><pre>java.lang.AssertionError: expected [Aditya] but found [ADIT]
	at org.testng.Assert.fail(Assert.java:110)
	at org.testng.Assert.failNotEquals(Assert.java:1413)
	at org.testng.Assert.assertEqualsImpl(Assert.java:149)
	at org.testng.Assert.assertEquals(Assert.java:131)
	at org.testng.Assert.assertEquals(Assert.java:655)
	at org.testng.Assert.assertEquals(Assert.java:665)
	at cucumber.framework.runner.siloam.ttddigital.TestTTDPageKombinasiLima.siloam120_validasi_data_tersimpan_dan_form_ter_update(TestTTDPageKombinasiLima.java:130)
	at ✽.Siloam120 Validasi Data Tersimpan Dan Form Ter-update(file:///C:/Users/NEXSOFT/Documents/GitHub/TA_SQA/TA-SQUAD-AKP/src/test/resources/Features/Siloam/120UpdateDataSalesLimaKombinasi.feature:16)
</pre></div><a href='#' onClick='toggleBox("stack-trace328690775", this, "Click to show all stack frames", "Click to hide stack frames")'>Click to show all stack frames</a>
<div class='stack-trace' id='stack-trace328690775'><pre>java.lang.AssertionError: expected [Aditya] but found [ADIT]
	at org.testng.Assert.fail(Assert.java:110)
	at org.testng.Assert.failNotEquals(Assert.java:1413)
	at org.testng.Assert.assertEqualsImpl(Assert.java:149)
	at org.testng.Assert.assertEquals(Assert.java:131)
	at org.testng.Assert.assertEquals(Assert.java:655)
	at org.testng.Assert.assertEquals(Assert.java:665)
	at cucumber.framework.runner.siloam.ttddigital.TestTTDPageKombinasiLima.siloam120_validasi_data_tersimpan_dan_form_ter_update(TestTTDPageKombinasiLima.java:130)
	at ✽.Siloam120 Validasi Data Tersimpan Dan Form Ter-update(file:///C:/Users/NEXSOFT/Documents/GitHub/TA_SQA/TA-SQUAD-AKP/src/test/resources/Features/Siloam/120UpdateDataSalesLimaKombinasi.feature:16)
</pre></div></td>
<td>9</td>
<td>cucumber.framework.runner.siloam.ttddigital.TTDDigitalRunner@68c9133c</td></tr>
<tr>
<td title='cucumber.framework.runner.siloam.ttddigital.TTDDigitalRunner.runScenario()'><b>runScenario</b><br>Test class: cucumber.framework.runner.siloam.ttddigital.TTDDigitalRunner<br>Test method: Runs Cucumber Scenarios<br>Parameters: "Siloam120 Sales Update Data Lima Kombinasi", "Update Data Sales Lima Kombinasi"</td>
<td><div><pre>java.lang.AssertionError: expected [Aditya] but found [ADIT]
	at org.testng.Assert.fail(Assert.java:110)
	at org.testng.Assert.failNotEquals(Assert.java:1413)
	at org.testng.Assert.assertEqualsImpl(Assert.java:149)
	at org.testng.Assert.assertEquals(Assert.java:131)
	at org.testng.Assert.assertEquals(Assert.java:655)
	at org.testng.Assert.assertEquals(Assert.java:665)
	at cucumber.framework.runner.siloam.ttddigital.TestTTDPageKombinasiLima.siloam120_validasi_data_tersimpan_dan_form_ter_update(TestTTDPageKombinasiLima.java:130)
	at ✽.Siloam120 Validasi Data Tersimpan Dan Form Ter-update(file:///C:/Users/NEXSOFT/Documents/GitHub/TA_SQA/TA-SQUAD-AKP/src/test/resources/Features/Siloam/120UpdateDataSalesLimaKombinasi.feature:16)
</pre></div><a href='#' onClick='toggleBox("stack-trace2014481872", this, "Click to show all stack frames", "Click to hide stack frames")'>Click to show all stack frames</a>
<div class='stack-trace' id='stack-trace2014481872'><pre>java.lang.AssertionError: expected [Aditya] but found [ADIT]
	at org.testng.Assert.fail(Assert.java:110)
	at org.testng.Assert.failNotEquals(Assert.java:1413)
	at org.testng.Assert.assertEqualsImpl(Assert.java:149)
	at org.testng.Assert.assertEquals(Assert.java:131)
	at org.testng.Assert.assertEquals(Assert.java:655)
	at org.testng.Assert.assertEquals(Assert.java:665)
	at cucumber.framework.runner.siloam.ttddigital.TestTTDPageKombinasiLima.siloam120_validasi_data_tersimpan_dan_form_ter_update(TestTTDPageKombinasiLima.java:130)
	at ✽.Siloam120 Validasi Data Tersimpan Dan Form Ter-update(file:///C:/Users/NEXSOFT/Documents/GitHub/TA_SQA/TA-SQUAD-AKP/src/test/resources/Features/Siloam/120UpdateDataSalesLimaKombinasi.feature:16)
</pre></div></td>
<td>11</td>
<td>cucumber.framework.runner.siloam.ttddigital.TTDDigitalRunner@68c9133c</td></tr>
<tr>
<td title='cucumber.framework.runner.siloam.ttddigital.TTDDigitalRunner.runScenario()'><b>runScenario</b><br>Test class: cucumber.framework.runner.siloam.ttddigital.TTDDigitalRunner<br>Test method: Runs Cucumber Scenarios<br>Parameters: "Siloam120 Sales Update Data Lima Kombinasi", "Update Data Sales Lima Kombinasi"</td>
<td><div><pre>java.lang.AssertionError: expected [Aditya] but found [ADIT]
	at org.testng.Assert.fail(Assert.java:110)
	at org.testng.Assert.failNotEquals(Assert.java:1413)
	at org.testng.Assert.assertEqualsImpl(Assert.java:149)
	at org.testng.Assert.assertEquals(Assert.java:131)
	at org.testng.Assert.assertEquals(Assert.java:655)
	at org.testng.Assert.assertEquals(Assert.java:665)
	at cucumber.framework.runner.siloam.ttddigital.TestTTDPageKombinasiLima.siloam120_validasi_data_tersimpan_dan_form_ter_update(TestTTDPageKombinasiLima.java:130)
	at ✽.Siloam120 Validasi Data Tersimpan Dan Form Ter-update(file:///C:/Users/NEXSOFT/Documents/GitHub/TA_SQA/TA-SQUAD-AKP/src/test/resources/Features/Siloam/120UpdateDataSalesLimaKombinasi.feature:16)
</pre></div><a href='#' onClick='toggleBox("stack-trace182124057", this, "Click to show all stack frames", "Click to hide stack frames")'>Click to show all stack frames</a>
<div class='stack-trace' id='stack-trace182124057'><pre>java.lang.AssertionError: expected [Aditya] but found [ADIT]
	at org.testng.Assert.fail(Assert.java:110)
	at org.testng.Assert.failNotEquals(Assert.java:1413)
	at org.testng.Assert.assertEqualsImpl(Assert.java:149)
	at org.testng.Assert.assertEquals(Assert.java:131)
	at org.testng.Assert.assertEquals(Assert.java:655)
	at org.testng.Assert.assertEquals(Assert.java:665)
	at cucumber.framework.runner.siloam.ttddigital.TestTTDPageKombinasiLima.siloam120_validasi_data_tersimpan_dan_form_ter_update(TestTTDPageKombinasiLima.java:130)
	at ✽.Siloam120 Validasi Data Tersimpan Dan Form Ter-update(file:///C:/Users/NEXSOFT/Documents/GitHub/TA_SQA/TA-SQUAD-AKP/src/test/resources/Features/Siloam/120UpdateDataSalesLimaKombinasi.feature:16)
</pre></div></td>
<td>10</td>
<td>cucumber.framework.runner.siloam.ttddigital.TTDDigitalRunner@68c9133c</td></tr>
<tr>
<td title='cucumber.framework.runner.siloam.ttddigital.TTDDigitalRunner.runScenario()'><b>runScenario</b><br>Test class: cucumber.framework.runner.siloam.ttddigital.TTDDigitalRunner<br>Test method: Runs Cucumber Scenarios<br>Parameters: "Siloam120 Sales Update Data Lima Kombinasi", "Update Data Sales Lima Kombinasi"</td>
<td><div><pre>java.lang.AssertionError: expected [Aditya] but found [ADIT]
	at org.testng.Assert.fail(Assert.java:110)
	at org.testng.Assert.failNotEquals(Assert.java:1413)
	at org.testng.Assert.assertEqualsImpl(Assert.java:149)
	at org.testng.Assert.assertEquals(Assert.java:131)
	at org.testng.Assert.assertEquals(Assert.java:655)
	at org.testng.Assert.assertEquals(Assert.java:665)
	at cucumber.framework.runner.siloam.ttddigital.TestTTDPageKombinasiLima.siloam120_validasi_data_tersimpan_dan_form_ter_update(TestTTDPageKombinasiLima.java:130)
	at ✽.Siloam120 Validasi Data Tersimpan Dan Form Ter-update(file:///C:/Users/NEXSOFT/Documents/GitHub/TA_SQA/TA-SQUAD-AKP/src/test/resources/Features/Siloam/120UpdateDataSalesLimaKombinasi.feature:16)
</pre></div><a href='#' onClick='toggleBox("stack-trace968689662", this, "Click to show all stack frames", "Click to hide stack frames")'>Click to show all stack frames</a>
<div class='stack-trace' id='stack-trace968689662'><pre>java.lang.AssertionError: expected [Aditya] but found [ADIT]
	at org.testng.Assert.fail(Assert.java:110)
	at org.testng.Assert.failNotEquals(Assert.java:1413)
	at org.testng.Assert.assertEqualsImpl(Assert.java:149)
	at org.testng.Assert.assertEquals(Assert.java:131)
	at org.testng.Assert.assertEquals(Assert.java:655)
	at org.testng.Assert.assertEquals(Assert.java:665)
	at cucumber.framework.runner.siloam.ttddigital.TestTTDPageKombinasiLima.siloam120_validasi_data_tersimpan_dan_form_ter_update(TestTTDPageKombinasiLima.java:130)
	at ✽.Siloam120 Validasi Data Tersimpan Dan Form Ter-update(file:///C:/Users/NEXSOFT/Documents/GitHub/TA_SQA/TA-SQUAD-AKP/src/test/resources/Features/Siloam/120UpdateDataSalesLimaKombinasi.feature:16)
</pre></div></td>
<td>12</td>
<td>cucumber.framework.runner.siloam.ttddigital.TTDDigitalRunner@68c9133c</td></tr>
<tr>
<td title='cucumber.framework.runner.siloam.ttddigital.TTDDigitalRunner.runScenario()'><b>runScenario</b><br>Test class: cucumber.framework.runner.siloam.ttddigital.TTDDigitalRunner<br>Test method: Runs Cucumber Scenarios<br>Parameters: "Siloam120 Sales Update Data Lima Kombinasi", "Update Data Sales Lima Kombinasi"</td>
<td><div><pre>java.lang.AssertionError: expected [Aditya] but found [ADIT]
	at org.testng.Assert.fail(Assert.java:110)
	at org.testng.Assert.failNotEquals(Assert.java:1413)
	at org.testng.Assert.assertEqualsImpl(Assert.java:149)
	at org.testng.Assert.assertEquals(Assert.java:131)
	at org.testng.Assert.assertEquals(Assert.java:655)
	at org.testng.Assert.assertEquals(Assert.java:665)
	at cucumber.framework.runner.siloam.ttddigital.TestTTDPageKombinasiLima.siloam120_validasi_data_tersimpan_dan_form_ter_update(TestTTDPageKombinasiLima.java:130)
	at ✽.Siloam120 Validasi Data Tersimpan Dan Form Ter-update(file:///C:/Users/NEXSOFT/Documents/GitHub/TA_SQA/TA-SQUAD-AKP/src/test/resources/Features/Siloam/120UpdateDataSalesLimaKombinasi.feature:16)
</pre></div><a href='#' onClick='toggleBox("stack-trace840661918", this, "Click to show all stack frames", "Click to hide stack frames")'>Click to show all stack frames</a>
<div class='stack-trace' id='stack-trace840661918'><pre>java.lang.AssertionError: expected [Aditya] but found [ADIT]
	at org.testng.Assert.fail(Assert.java:110)
	at org.testng.Assert.failNotEquals(Assert.java:1413)
	at org.testng.Assert.assertEqualsImpl(Assert.java:149)
	at org.testng.Assert.assertEquals(Assert.java:131)
	at org.testng.Assert.assertEquals(Assert.java:655)
	at org.testng.Assert.assertEquals(Assert.java:665)
	at cucumber.framework.runner.siloam.ttddigital.TestTTDPageKombinasiLima.siloam120_validasi_data_tersimpan_dan_form_ter_update(TestTTDPageKombinasiLima.java:130)
	at ✽.Siloam120 Validasi Data Tersimpan Dan Form Ter-update(file:///C:/Users/NEXSOFT/Documents/GitHub/TA_SQA/TA-SQUAD-AKP/src/test/resources/Features/Siloam/120UpdateDataSalesLimaKombinasi.feature:16)
</pre></div></td>
<td>12</td>
<td>cucumber.framework.runner.siloam.ttddigital.TTDDigitalRunner@68c9133c</td></tr>
<tr>
<td title='cucumber.framework.runner.siloam.ttddigital.TTDDigitalRunner.runScenario()'><b>runScenario</b><br>Test class: cucumber.framework.runner.siloam.ttddigital.TTDDigitalRunner<br>Test method: Runs Cucumber Scenarios<br>Parameters: "Siloam120 Sales Update Data Lima Kombinasi", "Update Data Sales Lima Kombinasi"</td>
<td><div><pre>java.lang.AssertionError: expected [Aditya] but found [ADIT]
	at org.testng.Assert.fail(Assert.java:110)
	at org.testng.Assert.failNotEquals(Assert.java:1413)
	at org.testng.Assert.assertEqualsImpl(Assert.java:149)
	at org.testng.Assert.assertEquals(Assert.java:131)
	at org.testng.Assert.assertEquals(Assert.java:655)
	at org.testng.Assert.assertEquals(Assert.java:665)
	at cucumber.framework.runner.siloam.ttddigital.TestTTDPageKombinasiLima.siloam120_validasi_data_tersimpan_dan_form_ter_update(TestTTDPageKombinasiLima.java:130)
	at ✽.Siloam120 Validasi Data Tersimpan Dan Form Ter-update(file:///C:/Users/NEXSOFT/Documents/GitHub/TA_SQA/TA-SQUAD-AKP/src/test/resources/Features/Siloam/120UpdateDataSalesLimaKombinasi.feature:16)
</pre></div><a href='#' onClick='toggleBox("stack-trace256417920", this, "Click to show all stack frames", "Click to hide stack frames")'>Click to show all stack frames</a>
<div class='stack-trace' id='stack-trace256417920'><pre>java.lang.AssertionError: expected [Aditya] but found [ADIT]
	at org.testng.Assert.fail(Assert.java:110)
	at org.testng.Assert.failNotEquals(Assert.java:1413)
	at org.testng.Assert.assertEqualsImpl(Assert.java:149)
	at org.testng.Assert.assertEquals(Assert.java:131)
	at org.testng.Assert.assertEquals(Assert.java:655)
	at org.testng.Assert.assertEquals(Assert.java:665)
	at cucumber.framework.runner.siloam.ttddigital.TestTTDPageKombinasiLima.siloam120_validasi_data_tersimpan_dan_form_ter_update(TestTTDPageKombinasiLima.java:130)
	at ✽.Siloam120 Validasi Data Tersimpan Dan Form Ter-update(file:///C:/Users/NEXSOFT/Documents/GitHub/TA_SQA/TA-SQUAD-AKP/src/test/resources/Features/Siloam/120UpdateDataSalesLimaKombinasi.feature:16)
</pre></div></td>
<td>11</td>
<td>cucumber.framework.runner.siloam.ttddigital.TTDDigitalRunner@68c9133c</td></tr>
<tr>
<td title='cucumber.framework.runner.siloam.ttddigital.TTDDigitalRunner.runScenario()'><b>runScenario</b><br>Test class: cucumber.framework.runner.siloam.ttddigital.TTDDigitalRunner<br>Test method: Runs Cucumber Scenarios<br>Parameters: "Siloam120 Sales Update Data Lima Kombinasi", "Update Data Sales Lima Kombinasi"</td>
<td><div><pre>java.lang.AssertionError: expected [Aditya] but found [ADIT]
	at org.testng.Assert.fail(Assert.java:110)
	at org.testng.Assert.failNotEquals(Assert.java:1413)
	at org.testng.Assert.assertEqualsImpl(Assert.java:149)
	at org.testng.Assert.assertEquals(Assert.java:131)
	at org.testng.Assert.assertEquals(Assert.java:655)
	at org.testng.Assert.assertEquals(Assert.java:665)
	at cucumber.framework.runner.siloam.ttddigital.TestTTDPageKombinasiLima.siloam120_validasi_data_tersimpan_dan_form_ter_update(TestTTDPageKombinasiLima.java:130)
	at ✽.Siloam120 Validasi Data Tersimpan Dan Form Ter-update(file:///C:/Users/NEXSOFT/Documents/GitHub/TA_SQA/TA-SQUAD-AKP/src/test/resources/Features/Siloam/120UpdateDataSalesLimaKombinasi.feature:16)
</pre></div><a href='#' onClick='toggleBox("stack-trace1940248684", this, "Click to show all stack frames", "Click to hide stack frames")'>Click to show all stack frames</a>
<div class='stack-trace' id='stack-trace1940248684'><pre>java.lang.AssertionError: expected [Aditya] but found [ADIT]
	at org.testng.Assert.fail(Assert.java:110)
	at org.testng.Assert.failNotEquals(Assert.java:1413)
	at org.testng.Assert.assertEqualsImpl(Assert.java:149)
	at org.testng.Assert.assertEquals(Assert.java:131)
	at org.testng.Assert.assertEquals(Assert.java:655)
	at org.testng.Assert.assertEquals(Assert.java:665)
	at cucumber.framework.runner.siloam.ttddigital.TestTTDPageKombinasiLima.siloam120_validasi_data_tersimpan_dan_form_ter_update(TestTTDPageKombinasiLima.java:130)
	at ✽.Siloam120 Validasi Data Tersimpan Dan Form Ter-update(file:///C:/Users/NEXSOFT/Documents/GitHub/TA_SQA/TA-SQUAD-AKP/src/test/resources/Features/Siloam/120UpdateDataSalesLimaKombinasi.feature:16)
</pre></div></td>
<td>14</td>
<td>cucumber.framework.runner.siloam.ttddigital.TTDDigitalRunner@68c9133c</td></tr>
<tr>
<td title='cucumber.framework.runner.siloam.ttddigital.TTDDigitalRunner.runScenario()'><b>runScenario</b><br>Test class: cucumber.framework.runner.siloam.ttddigital.TTDDigitalRunner<br>Test method: Runs Cucumber Scenarios<br>Parameters: "Siloam120 Sales Update Data Lima Kombinasi", "Update Data Sales Lima Kombinasi"</td>
<td><div><pre>java.lang.AssertionError: expected [Aditya] but found [ADIT]
	at org.testng.Assert.fail(Assert.java:110)
	at org.testng.Assert.failNotEquals(Assert.java:1413)
	at org.testng.Assert.assertEqualsImpl(Assert.java:149)
	at org.testng.Assert.assertEquals(Assert.java:131)
	at org.testng.Assert.assertEquals(Assert.java:655)
	at org.testng.Assert.assertEquals(Assert.java:665)
	at cucumber.framework.runner.siloam.ttddigital.TestTTDPageKombinasiLima.siloam120_validasi_data_tersimpan_dan_form_ter_update(TestTTDPageKombinasiLima.java:130)
	at ✽.Siloam120 Validasi Data Tersimpan Dan Form Ter-update(file:///C:/Users/NEXSOFT/Documents/GitHub/TA_SQA/TA-SQUAD-AKP/src/test/resources/Features/Siloam/120UpdateDataSalesLimaKombinasi.feature:16)
</pre></div><a href='#' onClick='toggleBox("stack-trace113676940", this, "Click to show all stack frames", "Click to hide stack frames")'>Click to show all stack frames</a>
<div class='stack-trace' id='stack-trace113676940'><pre>java.lang.AssertionError: expected [Aditya] but found [ADIT]
	at org.testng.Assert.fail(Assert.java:110)
	at org.testng.Assert.failNotEquals(Assert.java:1413)
	at org.testng.Assert.assertEqualsImpl(Assert.java:149)
	at org.testng.Assert.assertEquals(Assert.java:131)
	at org.testng.Assert.assertEquals(Assert.java:655)
	at org.testng.Assert.assertEquals(Assert.java:665)
	at cucumber.framework.runner.siloam.ttddigital.TestTTDPageKombinasiLima.siloam120_validasi_data_tersimpan_dan_form_ter_update(TestTTDPageKombinasiLima.java:130)
	at ✽.Siloam120 Validasi Data Tersimpan Dan Form Ter-update(file:///C:/Users/NEXSOFT/Documents/GitHub/TA_SQA/TA-SQUAD-AKP/src/test/resources/Features/Siloam/120UpdateDataSalesLimaKombinasi.feature:16)
</pre></div></td>
<td>12</td>
<td>cucumber.framework.runner.siloam.ttddigital.TTDDigitalRunner@68c9133c</td></tr>
<tr>
<td title='cucumber.framework.runner.siloam.ttddigital.TTDDigitalRunner.runScenario()'><b>runScenario</b><br>Test class: cucumber.framework.runner.siloam.ttddigital.TTDDigitalRunner<br>Test method: Runs Cucumber Scenarios<br>Parameters: "Siloam120 Sales Update Data Lima Kombinasi", "Update Data Sales Lima Kombinasi"</td>
<td><div><pre>java.lang.AssertionError: expected [Aditya] but found [ADIT]
	at org.testng.Assert.fail(Assert.java:110)
	at org.testng.Assert.failNotEquals(Assert.java:1413)
	at org.testng.Assert.assertEqualsImpl(Assert.java:149)
	at org.testng.Assert.assertEquals(Assert.java:131)
	at org.testng.Assert.assertEquals(Assert.java:655)
	at org.testng.Assert.assertEquals(Assert.java:665)
	at cucumber.framework.runner.siloam.ttddigital.TestTTDPageKombinasiLima.siloam120_validasi_data_tersimpan_dan_form_ter_update(TestTTDPageKombinasiLima.java:130)
	at ✽.Siloam120 Validasi Data Tersimpan Dan Form Ter-update(file:///C:/Users/NEXSOFT/Documents/GitHub/TA_SQA/TA-SQUAD-AKP/src/test/resources/Features/Siloam/120UpdateDataSalesLimaKombinasi.feature:16)
</pre></div><a href='#' onClick='toggleBox("stack-trace1972289220", this, "Click to show all stack frames", "Click to hide stack frames")'>Click to show all stack frames</a>
<div class='stack-trace' id='stack-trace1972289220'><pre>java.lang.AssertionError: expected [Aditya] but found [ADIT]
	at org.testng.Assert.fail(Assert.java:110)
	at org.testng.Assert.failNotEquals(Assert.java:1413)
	at org.testng.Assert.assertEqualsImpl(Assert.java:149)
	at org.testng.Assert.assertEquals(Assert.java:131)
	at org.testng.Assert.assertEquals(Assert.java:655)
	at org.testng.Assert.assertEquals(Assert.java:665)
	at cucumber.framework.runner.siloam.ttddigital.TestTTDPageKombinasiLima.siloam120_validasi_data_tersimpan_dan_form_ter_update(TestTTDPageKombinasiLima.java:130)
	at ✽.Siloam120 Validasi Data Tersimpan Dan Form Ter-update(file:///C:/Users/NEXSOFT/Documents/GitHub/TA_SQA/TA-SQUAD-AKP/src/test/resources/Features/Siloam/120UpdateDataSalesLimaKombinasi.feature:16)
</pre></div></td>
<td>14</td>
<td>cucumber.framework.runner.siloam.ttddigital.TTDDigitalRunner@68c9133c</td></tr>
<tr>
<td title='cucumber.framework.runner.siloam.ttddigital.TTDDigitalRunner.runScenario()'><b>runScenario</b><br>Test class: cucumber.framework.runner.siloam.ttddigital.TTDDigitalRunner<br>Test method: Runs Cucumber Scenarios<br>Parameters: "Siloam120 Sales Update Data Lima Kombinasi", "Update Data Sales Lima Kombinasi"</td>
<td><div><pre>java.lang.AssertionError: expected [Aditya] but found [ADIT]
	at org.testng.Assert.fail(Assert.java:110)
	at org.testng.Assert.failNotEquals(Assert.java:1413)
	at org.testng.Assert.assertEqualsImpl(Assert.java:149)
	at org.testng.Assert.assertEquals(Assert.java:131)
	at org.testng.Assert.assertEquals(Assert.java:655)
	at org.testng.Assert.assertEquals(Assert.java:665)
	at cucumber.framework.runner.siloam.ttddigital.TestTTDPageKombinasiLima.siloam120_validasi_data_tersimpan_dan_form_ter_update(TestTTDPageKombinasiLima.java:130)
	at ✽.Siloam120 Validasi Data Tersimpan Dan Form Ter-update(file:///C:/Users/NEXSOFT/Documents/GitHub/TA_SQA/TA-SQUAD-AKP/src/test/resources/Features/Siloam/120UpdateDataSalesLimaKombinasi.feature:16)
</pre></div><a href='#' onClick='toggleBox("stack-trace1894652259", this, "Click to show all stack frames", "Click to hide stack frames")'>Click to show all stack frames</a>
<div class='stack-trace' id='stack-trace1894652259'><pre>java.lang.AssertionError: expected [Aditya] but found [ADIT]
	at org.testng.Assert.fail(Assert.java:110)
	at org.testng.Assert.failNotEquals(Assert.java:1413)
	at org.testng.Assert.assertEqualsImpl(Assert.java:149)
	at org.testng.Assert.assertEquals(Assert.java:131)
	at org.testng.Assert.assertEquals(Assert.java:655)
	at org.testng.Assert.assertEquals(Assert.java:665)
	at cucumber.framework.runner.siloam.ttddigital.TestTTDPageKombinasiLima.siloam120_validasi_data_tersimpan_dan_form_ter_update(TestTTDPageKombinasiLima.java:130)
	at ✽.Siloam120 Validasi Data Tersimpan Dan Form Ter-update(file:///C:/Users/NEXSOFT/Documents/GitHub/TA_SQA/TA-SQUAD-AKP/src/test/resources/Features/Siloam/120UpdateDataSalesLimaKombinasi.feature:16)
</pre></div></td>
<td>13</td>
<td>cucumber.framework.runner.siloam.ttddigital.TTDDigitalRunner@68c9133c</td></tr>
<tr>
<td title='cucumber.framework.runner.siloam.ttddigital.TTDDigitalRunner.runScenario()'><b>runScenario</b><br>Test class: cucumber.framework.runner.siloam.ttddigital.TTDDigitalRunner<br>Test method: Runs Cucumber Scenarios<br>Parameters: "Siloam120 Sales Update Data Lima Kombinasi", "Update Data Sales Lima Kombinasi"</td>
<td><div><pre>java.lang.AssertionError: expected [Aditya] but found [ADIT]
	at org.testng.Assert.fail(Assert.java:110)
	at org.testng.Assert.failNotEquals(Assert.java:1413)
	at org.testng.Assert.assertEqualsImpl(Assert.java:149)
	at org.testng.Assert.assertEquals(Assert.java:131)
	at org.testng.Assert.assertEquals(Assert.java:655)
	at org.testng.Assert.assertEquals(Assert.java:665)
	at cucumber.framework.runner.siloam.ttddigital.TestTTDPageKombinasiLima.siloam120_validasi_data_tersimpan_dan_form_ter_update(TestTTDPageKombinasiLima.java:130)
	at ✽.Siloam120 Validasi Data Tersimpan Dan Form Ter-update(file:///C:/Users/NEXSOFT/Documents/GitHub/TA_SQA/TA-SQUAD-AKP/src/test/resources/Features/Siloam/120UpdateDataSalesLimaKombinasi.feature:16)
</pre></div><a href='#' onClick='toggleBox("stack-trace1800576322", this, "Click to show all stack frames", "Click to hide stack frames")'>Click to show all stack frames</a>
<div class='stack-trace' id='stack-trace1800576322'><pre>java.lang.AssertionError: expected [Aditya] but found [ADIT]
	at org.testng.Assert.fail(Assert.java:110)
	at org.testng.Assert.failNotEquals(Assert.java:1413)
	at org.testng.Assert.assertEqualsImpl(Assert.java:149)
	at org.testng.Assert.assertEquals(Assert.java:131)
	at org.testng.Assert.assertEquals(Assert.java:655)
	at org.testng.Assert.assertEquals(Assert.java:665)
	at cucumber.framework.runner.siloam.ttddigital.TestTTDPageKombinasiLima.siloam120_validasi_data_tersimpan_dan_form_ter_update(TestTTDPageKombinasiLima.java:130)
	at ✽.Siloam120 Validasi Data Tersimpan Dan Form Ter-update(file:///C:/Users/NEXSOFT/Documents/GitHub/TA_SQA/TA-SQUAD-AKP/src/test/resources/Features/Siloam/120UpdateDataSalesLimaKombinasi.feature:16)
</pre></div></td>
<td>12</td>
<td>cucumber.framework.runner.siloam.ttddigital.TTDDigitalRunner@68c9133c</td></tr>
<tr>
<td title='cucumber.framework.runner.siloam.ttddigital.TTDDigitalRunner.runScenario()'><b>runScenario</b><br>Test class: cucumber.framework.runner.siloam.ttddigital.TTDDigitalRunner<br>Test method: Runs Cucumber Scenarios<br>Parameters: "Siloam120 Sales Update Data Lima Kombinasi", "Update Data Sales Lima Kombinasi"</td>
<td><div><pre>java.lang.AssertionError: expected [Aditya] but found [ADIT]
	at org.testng.Assert.fail(Assert.java:110)
	at org.testng.Assert.failNotEquals(Assert.java:1413)
	at org.testng.Assert.assertEqualsImpl(Assert.java:149)
	at org.testng.Assert.assertEquals(Assert.java:131)
	at org.testng.Assert.assertEquals(Assert.java:655)
	at org.testng.Assert.assertEquals(Assert.java:665)
	at cucumber.framework.runner.siloam.ttddigital.TestTTDPageKombinasiLima.siloam120_validasi_data_tersimpan_dan_form_ter_update(TestTTDPageKombinasiLima.java:130)
	at ✽.Siloam120 Validasi Data Tersimpan Dan Form Ter-update(file:///C:/Users/NEXSOFT/Documents/GitHub/TA_SQA/TA-SQUAD-AKP/src/test/resources/Features/Siloam/120UpdateDataSalesLimaKombinasi.feature:16)
</pre></div><a href='#' onClick='toggleBox("stack-trace980552419", this, "Click to show all stack frames", "Click to hide stack frames")'>Click to show all stack frames</a>
<div class='stack-trace' id='stack-trace980552419'><pre>java.lang.AssertionError: expected [Aditya] but found [ADIT]
	at org.testng.Assert.fail(Assert.java:110)
	at org.testng.Assert.failNotEquals(Assert.java:1413)
	at org.testng.Assert.assertEqualsImpl(Assert.java:149)
	at org.testng.Assert.assertEquals(Assert.java:131)
	at org.testng.Assert.assertEquals(Assert.java:655)
	at org.testng.Assert.assertEquals(Assert.java:665)
	at cucumber.framework.runner.siloam.ttddigital.TestTTDPageKombinasiLima.siloam120_validasi_data_tersimpan_dan_form_ter_update(TestTTDPageKombinasiLima.java:130)
	at ✽.Siloam120 Validasi Data Tersimpan Dan Form Ter-update(file:///C:/Users/NEXSOFT/Documents/GitHub/TA_SQA/TA-SQUAD-AKP/src/test/resources/Features/Siloam/120UpdateDataSalesLimaKombinasi.feature:16)
</pre></div></td>
<td>10</td>
<td>cucumber.framework.runner.siloam.ttddigital.TTDDigitalRunner@68c9133c</td></tr>
<tr>
<td title='cucumber.framework.runner.siloam.ttddigital.TTDDigitalRunner.runScenario()'><b>runScenario</b><br>Test class: cucumber.framework.runner.siloam.ttddigital.TTDDigitalRunner<br>Test method: Runs Cucumber Scenarios<br>Parameters: "Siloam120 Sales Update Data Lima Kombinasi", "Update Data Sales Lima Kombinasi"</td>
<td><div><pre>java.lang.AssertionError: expected [Aditya] but found [ADIT]
	at org.testng.Assert.fail(Assert.java:110)
	at org.testng.Assert.failNotEquals(Assert.java:1413)
	at org.testng.Assert.assertEqualsImpl(Assert.java:149)
	at org.testng.Assert.assertEquals(Assert.java:131)
	at org.testng.Assert.assertEquals(Assert.java:655)
	at org.testng.Assert.assertEquals(Assert.java:665)
	at cucumber.framework.runner.siloam.ttddigital.TestTTDPageKombinasiLima.siloam120_validasi_data_tersimpan_dan_form_ter_update(TestTTDPageKombinasiLima.java:130)
	at ✽.Siloam120 Validasi Data Tersimpan Dan Form Ter-update(file:///C:/Users/NEXSOFT/Documents/GitHub/TA_SQA/TA-SQUAD-AKP/src/test/resources/Features/Siloam/120UpdateDataSalesLimaKombinasi.feature:16)
</pre></div><a href='#' onClick='toggleBox("stack-trace582146531", this, "Click to show all stack frames", "Click to hide stack frames")'>Click to show all stack frames</a>
<div class='stack-trace' id='stack-trace582146531'><pre>java.lang.AssertionError: expected [Aditya] but found [ADIT]
	at org.testng.Assert.fail(Assert.java:110)
	at org.testng.Assert.failNotEquals(Assert.java:1413)
	at org.testng.Assert.assertEqualsImpl(Assert.java:149)
	at org.testng.Assert.assertEquals(Assert.java:131)
	at org.testng.Assert.assertEquals(Assert.java:655)
	at org.testng.Assert.assertEquals(Assert.java:665)
	at cucumber.framework.runner.siloam.ttddigital.TestTTDPageKombinasiLima.siloam120_validasi_data_tersimpan_dan_form_ter_update(TestTTDPageKombinasiLima.java:130)
	at ✽.Siloam120 Validasi Data Tersimpan Dan Form Ter-update(file:///C:/Users/NEXSOFT/Documents/GitHub/TA_SQA/TA-SQUAD-AKP/src/test/resources/Features/Siloam/120UpdateDataSalesLimaKombinasi.feature:16)
</pre></div></td>
<td>13</td>
<td>cucumber.framework.runner.siloam.ttddigital.TTDDigitalRunner@68c9133c</td></tr>
<tr>
<td title='cucumber.framework.runner.siloam.ttddigital.TTDDigitalRunner.runScenario()'><b>runScenario</b><br>Test class: cucumber.framework.runner.siloam.ttddigital.TTDDigitalRunner<br>Test method: Runs Cucumber Scenarios<br>Parameters: "Siloam120 Sales Update Data Lima Kombinasi", "Update Data Sales Lima Kombinasi"</td>
<td><div><pre>java.lang.AssertionError: expected [Aditya] but found [ADIT]
	at org.testng.Assert.fail(Assert.java:110)
	at org.testng.Assert.failNotEquals(Assert.java:1413)
	at org.testng.Assert.assertEqualsImpl(Assert.java:149)
	at org.testng.Assert.assertEquals(Assert.java:131)
	at org.testng.Assert.assertEquals(Assert.java:655)
	at org.testng.Assert.assertEquals(Assert.java:665)
	at cucumber.framework.runner.siloam.ttddigital.TestTTDPageKombinasiLima.siloam120_validasi_data_tersimpan_dan_form_ter_update(TestTTDPageKombinasiLima.java:130)
	at ✽.Siloam120 Validasi Data Tersimpan Dan Form Ter-update(file:///C:/Users/NEXSOFT/Documents/GitHub/TA_SQA/TA-SQUAD-AKP/src/test/resources/Features/Siloam/120UpdateDataSalesLimaKombinasi.feature:16)
</pre></div><a href='#' onClick='toggleBox("stack-trace1474515510", this, "Click to show all stack frames", "Click to hide stack frames")'>Click to show all stack frames</a>
<div class='stack-trace' id='stack-trace1474515510'><pre>java.lang.AssertionError: expected [Aditya] but found [ADIT]
	at org.testng.Assert.fail(Assert.java:110)
	at org.testng.Assert.failNotEquals(Assert.java:1413)
	at org.testng.Assert.assertEqualsImpl(Assert.java:149)
	at org.testng.Assert.assertEquals(Assert.java:131)
	at org.testng.Assert.assertEquals(Assert.java:655)
	at org.testng.Assert.assertEquals(Assert.java:665)
	at cucumber.framework.runner.siloam.ttddigital.TestTTDPageKombinasiLima.siloam120_validasi_data_tersimpan_dan_form_ter_update(TestTTDPageKombinasiLima.java:130)
	at ✽.Siloam120 Validasi Data Tersimpan Dan Form Ter-update(file:///C:/Users/NEXSOFT/Documents/GitHub/TA_SQA/TA-SQUAD-AKP/src/test/resources/Features/Siloam/120UpdateDataSalesLimaKombinasi.feature:16)
</pre></div></td>
<td>14</td>
<td>cucumber.framework.runner.siloam.ttddigital.TTDDigitalRunner@68c9133c</td></tr>
<tr>
<td title='cucumber.framework.runner.siloam.ttddigital.TTDDigitalRunner.runScenario()'><b>runScenario</b><br>Test class: cucumber.framework.runner.siloam.ttddigital.TTDDigitalRunner<br>Test method: Runs Cucumber Scenarios<br>Parameters: "Siloam120 Sales Update Data Lima Kombinasi", "Update Data Sales Lima Kombinasi"</td>
<td><div><pre>java.lang.AssertionError: expected [Aditya] but found [ADIT]
	at org.testng.Assert.fail(Assert.java:110)
	at org.testng.Assert.failNotEquals(Assert.java:1413)
	at org.testng.Assert.assertEqualsImpl(Assert.java:149)
	at org.testng.Assert.assertEquals(Assert.java:131)
	at org.testng.Assert.assertEquals(Assert.java:655)
	at org.testng.Assert.assertEquals(Assert.java:665)
	at cucumber.framework.runner.siloam.ttddigital.TestTTDPageKombinasiLima.siloam120_validasi_data_tersimpan_dan_form_ter_update(TestTTDPageKombinasiLima.java:130)
	at ✽.Siloam120 Validasi Data Tersimpan Dan Form Ter-update(file:///C:/Users/NEXSOFT/Documents/GitHub/TA_SQA/TA-SQUAD-AKP/src/test/resources/Features/Siloam/120UpdateDataSalesLimaKombinasi.feature:16)
</pre></div><a href='#' onClick='toggleBox("stack-trace1813742285", this, "Click to show all stack frames", "Click to hide stack frames")'>Click to show all stack frames</a>
<div class='stack-trace' id='stack-trace1813742285'><pre>java.lang.AssertionError: expected [Aditya] but found [ADIT]
	at org.testng.Assert.fail(Assert.java:110)
	at org.testng.Assert.failNotEquals(Assert.java:1413)
	at org.testng.Assert.assertEqualsImpl(Assert.java:149)
	at org.testng.Assert.assertEquals(Assert.java:131)
	at org.testng.Assert.assertEquals(Assert.java:655)
	at org.testng.Assert.assertEquals(Assert.java:665)
	at cucumber.framework.runner.siloam.ttddigital.TestTTDPageKombinasiLima.siloam120_validasi_data_tersimpan_dan_form_ter_update(TestTTDPageKombinasiLima.java:130)
	at ✽.Siloam120 Validasi Data Tersimpan Dan Form Ter-update(file:///C:/Users/NEXSOFT/Documents/GitHub/TA_SQA/TA-SQUAD-AKP/src/test/resources/Features/Siloam/120UpdateDataSalesLimaKombinasi.feature:16)
</pre></div></td>
<td>12</td>
<td>cucumber.framework.runner.siloam.ttddigital.TTDDigitalRunner@68c9133c</td></tr>
<tr>
<td title='cucumber.framework.runner.siloam.ttddigital.TTDDigitalRunner.runScenario()'><b>runScenario</b><br>Test class: cucumber.framework.runner.siloam.ttddigital.TTDDigitalRunner<br>Test method: Runs Cucumber Scenarios<br>Parameters: "Siloam120 Sales Update Data Lima Kombinasi", "Update Data Sales Lima Kombinasi"</td>
<td><div><pre>java.lang.AssertionError: expected [Aditya] but found [ADIT]
	at org.testng.Assert.fail(Assert.java:110)
	at org.testng.Assert.failNotEquals(Assert.java:1413)
	at org.testng.Assert.assertEqualsImpl(Assert.java:149)
	at org.testng.Assert.assertEquals(Assert.java:131)
	at org.testng.Assert.assertEquals(Assert.java:655)
	at org.testng.Assert.assertEquals(Assert.java:665)
	at cucumber.framework.runner.siloam.ttddigital.TestTTDPageKombinasiLima.siloam120_validasi_data_tersimpan_dan_form_ter_update(TestTTDPageKombinasiLima.java:130)
	at ✽.Siloam120 Validasi Data Tersimpan Dan Form Ter-update(file:///C:/Users/NEXSOFT/Documents/GitHub/TA_SQA/TA-SQUAD-AKP/src/test/resources/Features/Siloam/120UpdateDataSalesLimaKombinasi.feature:16)
</pre></div><a href='#' onClick='toggleBox("stack-trace1761370986", this, "Click to show all stack frames", "Click to hide stack frames")'>Click to show all stack frames</a>
<div class='stack-trace' id='stack-trace1761370986'><pre>java.lang.AssertionError: expected [Aditya] but found [ADIT]
	at org.testng.Assert.fail(Assert.java:110)
	at org.testng.Assert.failNotEquals(Assert.java:1413)
	at org.testng.Assert.assertEqualsImpl(Assert.java:149)
	at org.testng.Assert.assertEquals(Assert.java:131)
	at org.testng.Assert.assertEquals(Assert.java:655)
	at org.testng.Assert.assertEquals(Assert.java:665)
	at cucumber.framework.runner.siloam.ttddigital.TestTTDPageKombinasiLima.siloam120_validasi_data_tersimpan_dan_form_ter_update(TestTTDPageKombinasiLima.java:130)
	at ✽.Siloam120 Validasi Data Tersimpan Dan Form Ter-update(file:///C:/Users/NEXSOFT/Documents/GitHub/TA_SQA/TA-SQUAD-AKP/src/test/resources/Features/Siloam/120UpdateDataSalesLimaKombinasi.feature:16)
</pre></div></td>
<td>14</td>
<td>cucumber.framework.runner.siloam.ttddigital.TTDDigitalRunner@68c9133c</td></tr>
<tr>
<td title='cucumber.framework.runner.siloam.ttddigital.TTDDigitalRunner.runScenario()'><b>runScenario</b><br>Test class: cucumber.framework.runner.siloam.ttddigital.TTDDigitalRunner<br>Test method: Runs Cucumber Scenarios<br>Parameters: "Siloam120 Sales Update Data Lima Kombinasi", "Update Data Sales Lima Kombinasi"</td>
<td><div><pre>java.lang.AssertionError: expected [Aditya] but found [ADIT]
	at org.testng.Assert.fail(Assert.java:110)
	at org.testng.Assert.failNotEquals(Assert.java:1413)
	at org.testng.Assert.assertEqualsImpl(Assert.java:149)
	at org.testng.Assert.assertEquals(Assert.java:131)
	at org.testng.Assert.assertEquals(Assert.java:655)
	at org.testng.Assert.assertEquals(Assert.java:665)
	at cucumber.framework.runner.siloam.ttddigital.TestTTDPageKombinasiLima.siloam120_validasi_data_tersimpan_dan_form_ter_update(TestTTDPageKombinasiLima.java:130)
	at ✽.Siloam120 Validasi Data Tersimpan Dan Form Ter-update(file:///C:/Users/NEXSOFT/Documents/GitHub/TA_SQA/TA-SQUAD-AKP/src/test/resources/Features/Siloam/120UpdateDataSalesLimaKombinasi.feature:16)
</pre></div><a href='#' onClick='toggleBox("stack-trace1358323680", this, "Click to show all stack frames", "Click to hide stack frames")'>Click to show all stack frames</a>
<div class='stack-trace' id='stack-trace1358323680'><pre>java.lang.AssertionError: expected [Aditya] but found [ADIT]
	at org.testng.Assert.fail(Assert.java:110)
	at org.testng.Assert.failNotEquals(Assert.java:1413)
	at org.testng.Assert.assertEqualsImpl(Assert.java:149)
	at org.testng.Assert.assertEquals(Assert.java:131)
	at org.testng.Assert.assertEquals(Assert.java:655)
	at org.testng.Assert.assertEquals(Assert.java:665)
	at cucumber.framework.runner.siloam.ttddigital.TestTTDPageKombinasiLima.siloam120_validasi_data_tersimpan_dan_form_ter_update(TestTTDPageKombinasiLima.java:130)
	at ✽.Siloam120 Validasi Data Tersimpan Dan Form Ter-update(file:///C:/Users/NEXSOFT/Documents/GitHub/TA_SQA/TA-SQUAD-AKP/src/test/resources/Features/Siloam/120UpdateDataSalesLimaKombinasi.feature:16)
</pre></div></td>
<td>15</td>
<td>cucumber.framework.runner.siloam.ttddigital.TTDDigitalRunner@68c9133c</td></tr>
<tr>
<td title='cucumber.framework.runner.siloam.ttddigital.TTDDigitalRunner.runScenario()'><b>runScenario</b><br>Test class: cucumber.framework.runner.siloam.ttddigital.TTDDigitalRunner<br>Test method: Runs Cucumber Scenarios<br>Parameters: "Siloam120 Sales Update Data Lima Kombinasi", "Update Data Sales Lima Kombinasi"</td>
<td><div><pre>java.lang.AssertionError: expected [Aditya] but found [ADIT]
	at org.testng.Assert.fail(Assert.java:110)
	at org.testng.Assert.failNotEquals(Assert.java:1413)
	at org.testng.Assert.assertEqualsImpl(Assert.java:149)
	at org.testng.Assert.assertEquals(Assert.java:131)
	at org.testng.Assert.assertEquals(Assert.java:655)
	at org.testng.Assert.assertEquals(Assert.java:665)
	at cucumber.framework.runner.siloam.ttddigital.TestTTDPageKombinasiLima.siloam120_validasi_data_tersimpan_dan_form_ter_update(TestTTDPageKombinasiLima.java:130)
	at ✽.Siloam120 Validasi Data Tersimpan Dan Form Ter-update(file:///C:/Users/NEXSOFT/Documents/GitHub/TA_SQA/TA-SQUAD-AKP/src/test/resources/Features/Siloam/120UpdateDataSalesLimaKombinasi.feature:16)
</pre></div><a href='#' onClick='toggleBox("stack-trace1336343423", this, "Click to show all stack frames", "Click to hide stack frames")'>Click to show all stack frames</a>
<div class='stack-trace' id='stack-trace1336343423'><pre>java.lang.AssertionError: expected [Aditya] but found [ADIT]
	at org.testng.Assert.fail(Assert.java:110)
	at org.testng.Assert.failNotEquals(Assert.java:1413)
	at org.testng.Assert.assertEqualsImpl(Assert.java:149)
	at org.testng.Assert.assertEquals(Assert.java:131)
	at org.testng.Assert.assertEquals(Assert.java:655)
	at org.testng.Assert.assertEquals(Assert.java:665)
	at cucumber.framework.runner.siloam.ttddigital.TestTTDPageKombinasiLima.siloam120_validasi_data_tersimpan_dan_form_ter_update(TestTTDPageKombinasiLima.java:130)
	at ✽.Siloam120 Validasi Data Tersimpan Dan Form Ter-update(file:///C:/Users/NEXSOFT/Documents/GitHub/TA_SQA/TA-SQUAD-AKP/src/test/resources/Features/Siloam/120UpdateDataSalesLimaKombinasi.feature:16)
</pre></div></td>
<td>12</td>
<td>cucumber.framework.runner.siloam.ttddigital.TTDDigitalRunner@68c9133c</td></tr>
<tr>
<td title='cucumber.framework.runner.siloam.ttddigital.TTDDigitalRunner.runScenario()'><b>runScenario</b><br>Test class: cucumber.framework.runner.siloam.ttddigital.TTDDigitalRunner<br>Test method: Runs Cucumber Scenarios<br>Parameters: "Siloam120 Sales Update Data Lima Kombinasi", "Update Data Sales Lima Kombinasi"</td>
<td><div><pre>java.lang.AssertionError: expected [Aditya] but found [ADIT]
	at org.testng.Assert.fail(Assert.java:110)
	at org.testng.Assert.failNotEquals(Assert.java:1413)
	at org.testng.Assert.assertEqualsImpl(Assert.java:149)
	at org.testng.Assert.assertEquals(Assert.java:131)
	at org.testng.Assert.assertEquals(Assert.java:655)
	at org.testng.Assert.assertEquals(Assert.java:665)
	at cucumber.framework.runner.siloam.ttddigital.TestTTDPageKombinasiLima.siloam120_validasi_data_tersimpan_dan_form_ter_update(TestTTDPageKombinasiLima.java:130)
	at ✽.Siloam120 Validasi Data Tersimpan Dan Form Ter-update(file:///C:/Users/NEXSOFT/Documents/GitHub/TA_SQA/TA-SQUAD-AKP/src/test/resources/Features/Siloam/120UpdateDataSalesLimaKombinasi.feature:16)
</pre></div><a href='#' onClick='toggleBox("stack-trace256253084", this, "Click to show all stack frames", "Click to hide stack frames")'>Click to show all stack frames</a>
<div class='stack-trace' id='stack-trace256253084'><pre>java.lang.AssertionError: expected [Aditya] but found [ADIT]
	at org.testng.Assert.fail(Assert.java:110)
	at org.testng.Assert.failNotEquals(Assert.java:1413)
	at org.testng.Assert.assertEqualsImpl(Assert.java:149)
	at org.testng.Assert.assertEquals(Assert.java:131)
	at org.testng.Assert.assertEquals(Assert.java:655)
	at org.testng.Assert.assertEquals(Assert.java:665)
	at cucumber.framework.runner.siloam.ttddigital.TestTTDPageKombinasiLima.siloam120_validasi_data_tersimpan_dan_form_ter_update(TestTTDPageKombinasiLima.java:130)
	at ✽.Siloam120 Validasi Data Tersimpan Dan Form Ter-update(file:///C:/Users/NEXSOFT/Documents/GitHub/TA_SQA/TA-SQUAD-AKP/src/test/resources/Features/Siloam/120UpdateDataSalesLimaKombinasi.feature:16)
</pre></div></td>
<td>12</td>
<td>cucumber.framework.runner.siloam.ttddigital.TTDDigitalRunner@68c9133c</td></tr>
<tr>
<td title='cucumber.framework.runner.siloam.ttddigital.TTDDigitalRunner.runScenario()'><b>runScenario</b><br>Test class: cucumber.framework.runner.siloam.ttddigital.TTDDigitalRunner<br>Test method: Runs Cucumber Scenarios<br>Parameters: "Siloam120 Sales Update Data Lima Kombinasi", "Update Data Sales Lima Kombinasi"</td>
<td><div><pre>java.lang.AssertionError: expected [Aditya] but found [ADIT]
	at org.testng.Assert.fail(Assert.java:110)
	at org.testng.Assert.failNotEquals(Assert.java:1413)
	at org.testng.Assert.assertEqualsImpl(Assert.java:149)
	at org.testng.Assert.assertEquals(Assert.java:131)
	at org.testng.Assert.assertEquals(Assert.java:655)
	at org.testng.Assert.assertEquals(Assert.java:665)
	at cucumber.framework.runner.siloam.ttddigital.TestTTDPageKombinasiLima.siloam120_validasi_data_tersimpan_dan_form_ter_update(TestTTDPageKombinasiLima.java:130)
	at ✽.Siloam120 Validasi Data Tersimpan Dan Form Ter-update(file:///C:/Users/NEXSOFT/Documents/GitHub/TA_SQA/TA-SQUAD-AKP/src/test/resources/Features/Siloam/120UpdateDataSalesLimaKombinasi.feature:16)
</pre></div><a href='#' onClick='toggleBox("stack-trace505973878", this, "Click to show all stack frames", "Click to hide stack frames")'>Click to show all stack frames</a>
<div class='stack-trace' id='stack-trace505973878'><pre>java.lang.AssertionError: expected [Aditya] but found [ADIT]
	at org.testng.Assert.fail(Assert.java:110)
	at org.testng.Assert.failNotEquals(Assert.java:1413)
	at org.testng.Assert.assertEqualsImpl(Assert.java:149)
	at org.testng.Assert.assertEquals(Assert.java:131)
	at org.testng.Assert.assertEquals(Assert.java:655)
	at org.testng.Assert.assertEquals(Assert.java:665)
	at cucumber.framework.runner.siloam.ttddigital.TestTTDPageKombinasiLima.siloam120_validasi_data_tersimpan_dan_form_ter_update(TestTTDPageKombinasiLima.java:130)
	at ✽.Siloam120 Validasi Data Tersimpan Dan Form Ter-update(file:///C:/Users/NEXSOFT/Documents/GitHub/TA_SQA/TA-SQUAD-AKP/src/test/resources/Features/Siloam/120UpdateDataSalesLimaKombinasi.feature:16)
</pre></div></td>
<td>14</td>
<td>cucumber.framework.runner.siloam.ttddigital.TTDDigitalRunner@68c9133c</td></tr>
<tr>
<td title='cucumber.framework.runner.siloam.ttddigital.TTDDigitalRunner.runScenario()'><b>runScenario</b><br>Test class: cucumber.framework.runner.siloam.ttddigital.TTDDigitalRunner<br>Test method: Runs Cucumber Scenarios<br>Parameters: "Siloam120 Sales Update Data Lima Kombinasi", "Update Data Sales Lima Kombinasi"</td>
<td><div><pre>java.lang.AssertionError: expected [Aditya] but found [ADIT]
	at org.testng.Assert.fail(Assert.java:110)
	at org.testng.Assert.failNotEquals(Assert.java:1413)
	at org.testng.Assert.assertEqualsImpl(Assert.java:149)
	at org.testng.Assert.assertEquals(Assert.java:131)
	at org.testng.Assert.assertEquals(Assert.java:655)
	at org.testng.Assert.assertEquals(Assert.java:665)
	at cucumber.framework.runner.siloam.ttddigital.TestTTDPageKombinasiLima.siloam120_validasi_data_tersimpan_dan_form_ter_update(TestTTDPageKombinasiLima.java:130)
	at ✽.Siloam120 Validasi Data Tersimpan Dan Form Ter-update(file:///C:/Users/NEXSOFT/Documents/GitHub/TA_SQA/TA-SQUAD-AKP/src/test/resources/Features/Siloam/120UpdateDataSalesLimaKombinasi.feature:16)
</pre></div><a href='#' onClick='toggleBox("stack-trace1935935291", this, "Click to show all stack frames", "Click to hide stack frames")'>Click to show all stack frames</a>
<div class='stack-trace' id='stack-trace1935935291'><pre>java.lang.AssertionError: expected [Aditya] but found [ADIT]
	at org.testng.Assert.fail(Assert.java:110)
	at org.testng.Assert.failNotEquals(Assert.java:1413)
	at org.testng.Assert.assertEqualsImpl(Assert.java:149)
	at org.testng.Assert.assertEquals(Assert.java:131)
	at org.testng.Assert.assertEquals(Assert.java:655)
	at org.testng.Assert.assertEquals(Assert.java:665)
	at cucumber.framework.runner.siloam.ttddigital.TestTTDPageKombinasiLima.siloam120_validasi_data_tersimpan_dan_form_ter_update(TestTTDPageKombinasiLima.java:130)
	at ✽.Siloam120 Validasi Data Tersimpan Dan Form Ter-update(file:///C:/Users/NEXSOFT/Documents/GitHub/TA_SQA/TA-SQUAD-AKP/src/test/resources/Features/Siloam/120UpdateDataSalesLimaKombinasi.feature:16)
</pre></div></td>
<td>14</td>
<td>cucumber.framework.runner.siloam.ttddigital.TTDDigitalRunner@68c9133c</td></tr>
<tr>
<td title='cucumber.framework.runner.siloam.ttddigital.TTDDigitalRunner.runScenario()'><b>runScenario</b><br>Test class: cucumber.framework.runner.siloam.ttddigital.TTDDigitalRunner<br>Test method: Runs Cucumber Scenarios<br>Parameters: "Siloam120 Sales Update Data Lima Kombinasi", "Update Data Sales Lima Kombinasi"</td>
<td><div><pre>java.lang.AssertionError: expected [Aditya] but found [ADIT]
	at org.testng.Assert.fail(Assert.java:110)
	at org.testng.Assert.failNotEquals(Assert.java:1413)
	at org.testng.Assert.assertEqualsImpl(Assert.java:149)
	at org.testng.Assert.assertEquals(Assert.java:131)
	at org.testng.Assert.assertEquals(Assert.java:655)
	at org.testng.Assert.assertEquals(Assert.java:665)
	at cucumber.framework.runner.siloam.ttddigital.TestTTDPageKombinasiLima.siloam120_validasi_data_tersimpan_dan_form_ter_update(TestTTDPageKombinasiLima.java:130)
	at ✽.Siloam120 Validasi Data Tersimpan Dan Form Ter-update(file:///C:/Users/NEXSOFT/Documents/GitHub/TA_SQA/TA-SQUAD-AKP/src/test/resources/Features/Siloam/120UpdateDataSalesLimaKombinasi.feature:16)
</pre></div><a href='#' onClick='toggleBox("stack-trace1494188138", this, "Click to show all stack frames", "Click to hide stack frames")'>Click to show all stack frames</a>
<div class='stack-trace' id='stack-trace1494188138'><pre>java.lang.AssertionError: expected [Aditya] but found [ADIT]
	at org.testng.Assert.fail(Assert.java:110)
	at org.testng.Assert.failNotEquals(Assert.java:1413)
	at org.testng.Assert.assertEqualsImpl(Assert.java:149)
	at org.testng.Assert.assertEquals(Assert.java:131)
	at org.testng.Assert.assertEquals(Assert.java:655)
	at org.testng.Assert.assertEquals(Assert.java:665)
	at cucumber.framework.runner.siloam.ttddigital.TestTTDPageKombinasiLima.siloam120_validasi_data_tersimpan_dan_form_ter_update(TestTTDPageKombinasiLima.java:130)
	at ✽.Siloam120 Validasi Data Tersimpan Dan Form Ter-update(file:///C:/Users/NEXSOFT/Documents/GitHub/TA_SQA/TA-SQUAD-AKP/src/test/resources/Features/Siloam/120UpdateDataSalesLimaKombinasi.feature:16)
</pre></div></td>
<td>13</td>
<td>cucumber.framework.runner.siloam.ttddigital.TTDDigitalRunner@68c9133c</td></tr>
<tr>
<td title='cucumber.framework.runner.siloam.ttddigital.TTDDigitalRunner.runScenario()'><b>runScenario</b><br>Test class: cucumber.framework.runner.siloam.ttddigital.TTDDigitalRunner<br>Test method: Runs Cucumber Scenarios<br>Parameters: "Siloam120 Sales Update Data Lima Kombinasi", "Update Data Sales Lima Kombinasi"</td>
<td><div><pre>java.lang.AssertionError: expected [Aditya] but found [ADIT]
	at org.testng.Assert.fail(Assert.java:110)
	at org.testng.Assert.failNotEquals(Assert.java:1413)
	at org.testng.Assert.assertEqualsImpl(Assert.java:149)
	at org.testng.Assert.assertEquals(Assert.java:131)
	at org.testng.Assert.assertEquals(Assert.java:655)
	at org.testng.Assert.assertEquals(Assert.java:665)
	at cucumber.framework.runner.siloam.ttddigital.TestTTDPageKombinasiLima.siloam120_validasi_data_tersimpan_dan_form_ter_update(TestTTDPageKombinasiLima.java:130)
	at ✽.Siloam120 Validasi Data Tersimpan Dan Form Ter-update(file:///C:/Users/NEXSOFT/Documents/GitHub/TA_SQA/TA-SQUAD-AKP/src/test/resources/Features/Siloam/120UpdateDataSalesLimaKombinasi.feature:16)
</pre></div><a href='#' onClick='toggleBox("stack-trace550764532", this, "Click to show all stack frames", "Click to hide stack frames")'>Click to show all stack frames</a>
<div class='stack-trace' id='stack-trace550764532'><pre>java.lang.AssertionError: expected [Aditya] but found [ADIT]
	at org.testng.Assert.fail(Assert.java:110)
	at org.testng.Assert.failNotEquals(Assert.java:1413)
	at org.testng.Assert.assertEqualsImpl(Assert.java:149)
	at org.testng.Assert.assertEquals(Assert.java:131)
	at org.testng.Assert.assertEquals(Assert.java:655)
	at org.testng.Assert.assertEquals(Assert.java:665)
	at cucumber.framework.runner.siloam.ttddigital.TestTTDPageKombinasiLima.siloam120_validasi_data_tersimpan_dan_form_ter_update(TestTTDPageKombinasiLima.java:130)
	at ✽.Siloam120 Validasi Data Tersimpan Dan Form Ter-update(file:///C:/Users/NEXSOFT/Documents/GitHub/TA_SQA/TA-SQUAD-AKP/src/test/resources/Features/Siloam/120UpdateDataSalesLimaKombinasi.feature:16)
</pre></div></td>
<td>13</td>
<td>cucumber.framework.runner.siloam.ttddigital.TTDDigitalRunner@68c9133c</td></tr>
<tr>
<td title='cucumber.framework.runner.siloam.ttddigital.TTDDigitalRunner.runScenario()'><b>runScenario</b><br>Test class: cucumber.framework.runner.siloam.ttddigital.TTDDigitalRunner<br>Test method: Runs Cucumber Scenarios<br>Parameters: "Siloam120 Sales Update Data Lima Kombinasi", "Update Data Sales Lima Kombinasi"</td>
<td><div><pre>java.lang.AssertionError: expected [Aditya] but found [ADIT]
	at org.testng.Assert.fail(Assert.java:110)
	at org.testng.Assert.failNotEquals(Assert.java:1413)
	at org.testng.Assert.assertEqualsImpl(Assert.java:149)
	at org.testng.Assert.assertEquals(Assert.java:131)
	at org.testng.Assert.assertEquals(Assert.java:655)
	at org.testng.Assert.assertEquals(Assert.java:665)
	at cucumber.framework.runner.siloam.ttddigital.TestTTDPageKombinasiLima.siloam120_validasi_data_tersimpan_dan_form_ter_update(TestTTDPageKombinasiLima.java:130)
	at ✽.Siloam120 Validasi Data Tersimpan Dan Form Ter-update(file:///C:/Users/NEXSOFT/Documents/GitHub/TA_SQA/TA-SQUAD-AKP/src/test/resources/Features/Siloam/120UpdateDataSalesLimaKombinasi.feature:16)
</pre></div><a href='#' onClick='toggleBox("stack-trace21116901", this, "Click to show all stack frames", "Click to hide stack frames")'>Click to show all stack frames</a>
<div class='stack-trace' id='stack-trace21116901'><pre>java.lang.AssertionError: expected [Aditya] but found [ADIT]
	at org.testng.Assert.fail(Assert.java:110)
	at org.testng.Assert.failNotEquals(Assert.java:1413)
	at org.testng.Assert.assertEqualsImpl(Assert.java:149)
	at org.testng.Assert.assertEquals(Assert.java:131)
	at org.testng.Assert.assertEquals(Assert.java:655)
	at org.testng.Assert.assertEquals(Assert.java:665)
	at cucumber.framework.runner.siloam.ttddigital.TestTTDPageKombinasiLima.siloam120_validasi_data_tersimpan_dan_form_ter_update(TestTTDPageKombinasiLima.java:130)
	at ✽.Siloam120 Validasi Data Tersimpan Dan Form Ter-update(file:///C:/Users/NEXSOFT/Documents/GitHub/TA_SQA/TA-SQUAD-AKP/src/test/resources/Features/Siloam/120UpdateDataSalesLimaKombinasi.feature:16)
</pre></div></td>
<td>14</td>
<td>cucumber.framework.runner.siloam.ttddigital.TTDDigitalRunner@68c9133c</td></tr>
<tr>
<td title='cucumber.framework.runner.siloam.ttddigital.TTDDigitalRunner.runScenario()'><b>runScenario</b><br>Test class: cucumber.framework.runner.siloam.ttddigital.TTDDigitalRunner<br>Test method: Runs Cucumber Scenarios<br>Parameters: "Siloam120 Sales Update Data Lima Kombinasi", "Update Data Sales Lima Kombinasi"</td>
<td><div><pre>java.lang.AssertionError: expected [Aditya] but found [ADIT]
	at org.testng.Assert.fail(Assert.java:110)
	at org.testng.Assert.failNotEquals(Assert.java:1413)
	at org.testng.Assert.assertEqualsImpl(Assert.java:149)
	at org.testng.Assert.assertEquals(Assert.java:131)
	at org.testng.Assert.assertEquals(Assert.java:655)
	at org.testng.Assert.assertEquals(Assert.java:665)
	at cucumber.framework.runner.siloam.ttddigital.TestTTDPageKombinasiLima.siloam120_validasi_data_tersimpan_dan_form_ter_update(TestTTDPageKombinasiLima.java:130)
	at ✽.Siloam120 Validasi Data Tersimpan Dan Form Ter-update(file:///C:/Users/NEXSOFT/Documents/GitHub/TA_SQA/TA-SQUAD-AKP/src/test/resources/Features/Siloam/120UpdateDataSalesLimaKombinasi.feature:16)
</pre></div><a href='#' onClick='toggleBox("stack-trace399611192", this, "Click to show all stack frames", "Click to hide stack frames")'>Click to show all stack frames</a>
<div class='stack-trace' id='stack-trace399611192'><pre>java.lang.AssertionError: expected [Aditya] but found [ADIT]
	at org.testng.Assert.fail(Assert.java:110)
	at org.testng.Assert.failNotEquals(Assert.java:1413)
	at org.testng.Assert.assertEqualsImpl(Assert.java:149)
	at org.testng.Assert.assertEquals(Assert.java:131)
	at org.testng.Assert.assertEquals(Assert.java:655)
	at org.testng.Assert.assertEquals(Assert.java:665)
	at cucumber.framework.runner.siloam.ttddigital.TestTTDPageKombinasiLima.siloam120_validasi_data_tersimpan_dan_form_ter_update(TestTTDPageKombinasiLima.java:130)
	at ✽.Siloam120 Validasi Data Tersimpan Dan Form Ter-update(file:///C:/Users/NEXSOFT/Documents/GitHub/TA_SQA/TA-SQUAD-AKP/src/test/resources/Features/Siloam/120UpdateDataSalesLimaKombinasi.feature:16)
</pre></div></td>
<td>13</td>
<td>cucumber.framework.runner.siloam.ttddigital.TTDDigitalRunner@68c9133c</td></tr>
<tr>
<td title='cucumber.framework.runner.siloam.ttddigital.TTDDigitalRunner.runScenario()'><b>runScenario</b><br>Test class: cucumber.framework.runner.siloam.ttddigital.TTDDigitalRunner<br>Test method: Runs Cucumber Scenarios<br>Parameters: "Siloam120 Sales Update Data Lima Kombinasi", "Update Data Sales Lima Kombinasi"</td>
<td><div><pre>java.lang.AssertionError: expected [Aditya] but found [ADIT]
	at org.testng.Assert.fail(Assert.java:110)
	at org.testng.Assert.failNotEquals(Assert.java:1413)
	at org.testng.Assert.assertEqualsImpl(Assert.java:149)
	at org.testng.Assert.assertEquals(Assert.java:131)
	at org.testng.Assert.assertEquals(Assert.java:655)
	at org.testng.Assert.assertEquals(Assert.java:665)
	at cucumber.framework.runner.siloam.ttddigital.TestTTDPageKombinasiLima.siloam120_validasi_data_tersimpan_dan_form_ter_update(TestTTDPageKombinasiLima.java:130)
	at ✽.Siloam120 Validasi Data Tersimpan Dan Form Ter-update(file:///C:/Users/NEXSOFT/Documents/GitHub/TA_SQA/TA-SQUAD-AKP/src/test/resources/Features/Siloam/120UpdateDataSalesLimaKombinasi.feature:16)
</pre></div><a href='#' onClick='toggleBox("stack-trace854046605", this, "Click to show all stack frames", "Click to hide stack frames")'>Click to show all stack frames</a>
<div class='stack-trace' id='stack-trace854046605'><pre>java.lang.AssertionError: expected [Aditya] but found [ADIT]
	at org.testng.Assert.fail(Assert.java:110)
	at org.testng.Assert.failNotEquals(Assert.java:1413)
	at org.testng.Assert.assertEqualsImpl(Assert.java:149)
	at org.testng.Assert.assertEquals(Assert.java:131)
	at org.testng.Assert.assertEquals(Assert.java:655)
	at org.testng.Assert.assertEquals(Assert.java:665)
	at cucumber.framework.runner.siloam.ttddigital.TestTTDPageKombinasiLima.siloam120_validasi_data_tersimpan_dan_form_ter_update(TestTTDPageKombinasiLima.java:130)
	at ✽.Siloam120 Validasi Data Tersimpan Dan Form Ter-update(file:///C:/Users/NEXSOFT/Documents/GitHub/TA_SQA/TA-SQUAD-AKP/src/test/resources/Features/Siloam/120UpdateDataSalesLimaKombinasi.feature:16)
</pre></div></td>
<td>11</td>
<td>cucumber.framework.runner.siloam.ttddigital.TTDDigitalRunner@68c9133c</td></tr>
<tr>
<td title='cucumber.framework.runner.siloam.ttddigital.TTDDigitalRunner.runScenario()'><b>runScenario</b><br>Test class: cucumber.framework.runner.siloam.ttddigital.TTDDigitalRunner<br>Test method: Runs Cucumber Scenarios<br>Parameters: "Siloam120 Sales Update Data Lima Kombinasi", "Update Data Sales Lima Kombinasi"</td>
<td><div><pre>java.lang.AssertionError: expected [Aditya] but found [ADIT]
	at org.testng.Assert.fail(Assert.java:110)
	at org.testng.Assert.failNotEquals(Assert.java:1413)
	at org.testng.Assert.assertEqualsImpl(Assert.java:149)
	at org.testng.Assert.assertEquals(Assert.java:131)
	at org.testng.Assert.assertEquals(Assert.java:655)
	at org.testng.Assert.assertEquals(Assert.java:665)
	at cucumber.framework.runner.siloam.ttddigital.TestTTDPageKombinasiLima.siloam120_validasi_data_tersimpan_dan_form_ter_update(TestTTDPageKombinasiLima.java:130)
	at ✽.Siloam120 Validasi Data Tersimpan Dan Form Ter-update(file:///C:/Users/NEXSOFT/Documents/GitHub/TA_SQA/TA-SQUAD-AKP/src/test/resources/Features/Siloam/120UpdateDataSalesLimaKombinasi.feature:16)
</pre></div><a href='#' onClick='toggleBox("stack-trace1021790474", this, "Click to show all stack frames", "Click to hide stack frames")'>Click to show all stack frames</a>
<div class='stack-trace' id='stack-trace1021790474'><pre>java.lang.AssertionError: expected [Aditya] but found [ADIT]
	at org.testng.Assert.fail(Assert.java:110)
	at org.testng.Assert.failNotEquals(Assert.java:1413)
	at org.testng.Assert.assertEqualsImpl(Assert.java:149)
	at org.testng.Assert.assertEquals(Assert.java:131)
	at org.testng.Assert.assertEquals(Assert.java:655)
	at org.testng.Assert.assertEquals(Assert.java:665)
	at cucumber.framework.runner.siloam.ttddigital.TestTTDPageKombinasiLima.siloam120_validasi_data_tersimpan_dan_form_ter_update(TestTTDPageKombinasiLima.java:130)
	at ✽.Siloam120 Validasi Data Tersimpan Dan Form Ter-update(file:///C:/Users/NEXSOFT/Documents/GitHub/TA_SQA/TA-SQUAD-AKP/src/test/resources/Features/Siloam/120UpdateDataSalesLimaKombinasi.feature:16)
</pre></div></td>
<td>13</td>
<td>cucumber.framework.runner.siloam.ttddigital.TTDDigitalRunner@68c9133c</td></tr>
<tr>
<td title='cucumber.framework.runner.siloam.ttddigital.TTDDigitalRunner.runScenario()'><b>runScenario</b><br>Test class: cucumber.framework.runner.siloam.ttddigital.TTDDigitalRunner<br>Test method: Runs Cucumber Scenarios<br>Parameters: "Siloam120 Sales Update Data Lima Kombinasi", "Update Data Sales Lima Kombinasi"</td>
<td><div><pre>java.lang.AssertionError: expected [Aditya] but found [ADIT]
	at org.testng.Assert.fail(Assert.java:110)
	at org.testng.Assert.failNotEquals(Assert.java:1413)
	at org.testng.Assert.assertEqualsImpl(Assert.java:149)
	at org.testng.Assert.assertEquals(Assert.java:131)
	at org.testng.Assert.assertEquals(Assert.java:655)
	at org.testng.Assert.assertEquals(Assert.java:665)
	at cucumber.framework.runner.siloam.ttddigital.TestTTDPageKombinasiLima.siloam120_validasi_data_tersimpan_dan_form_ter_update(TestTTDPageKombinasiLima.java:130)
	at ✽.Siloam120 Validasi Data Tersimpan Dan Form Ter-update(file:///C:/Users/NEXSOFT/Documents/GitHub/TA_SQA/TA-SQUAD-AKP/src/test/resources/Features/Siloam/120UpdateDataSalesLimaKombinasi.feature:16)
</pre></div><a href='#' onClick='toggleBox("stack-trace1439452257", this, "Click to show all stack frames", "Click to hide stack frames")'>Click to show all stack frames</a>
<div class='stack-trace' id='stack-trace1439452257'><pre>java.lang.AssertionError: expected [Aditya] but found [ADIT]
	at org.testng.Assert.fail(Assert.java:110)
	at org.testng.Assert.failNotEquals(Assert.java:1413)
	at org.testng.Assert.assertEqualsImpl(Assert.java:149)
	at org.testng.Assert.assertEquals(Assert.java:131)
	at org.testng.Assert.assertEquals(Assert.java:655)
	at org.testng.Assert.assertEquals(Assert.java:665)
	at cucumber.framework.runner.siloam.ttddigital.TestTTDPageKombinasiLima.siloam120_validasi_data_tersimpan_dan_form_ter_update(TestTTDPageKombinasiLima.java:130)
	at ✽.Siloam120 Validasi Data Tersimpan Dan Form Ter-update(file:///C:/Users/NEXSOFT/Documents/GitHub/TA_SQA/TA-SQUAD-AKP/src/test/resources/Features/Siloam/120UpdateDataSalesLimaKombinasi.feature:16)
</pre></div></td>
<td>13</td>
<td>cucumber.framework.runner.siloam.ttddigital.TTDDigitalRunner@68c9133c</td></tr>
<tr>
<td title='cucumber.framework.runner.siloam.ttddigital.TTDDigitalRunner.runScenario()'><b>runScenario</b><br>Test class: cucumber.framework.runner.siloam.ttddigital.TTDDigitalRunner<br>Test method: Runs Cucumber Scenarios<br>Parameters: "Siloam120 Sales Update Data Lima Kombinasi", "Update Data Sales Lima Kombinasi"</td>
<td><div><pre>java.lang.AssertionError: expected [Aditya] but found [ADIT]
	at org.testng.Assert.fail(Assert.java:110)
	at org.testng.Assert.failNotEquals(Assert.java:1413)
	at org.testng.Assert.assertEqualsImpl(Assert.java:149)
	at org.testng.Assert.assertEquals(Assert.java:131)
	at org.testng.Assert.assertEquals(Assert.java:655)
	at org.testng.Assert.assertEquals(Assert.java:665)
	at cucumber.framework.runner.siloam.ttddigital.TestTTDPageKombinasiLima.siloam120_validasi_data_tersimpan_dan_form_ter_update(TestTTDPageKombinasiLima.java:130)
	at ✽.Siloam120 Validasi Data Tersimpan Dan Form Ter-update(file:///C:/Users/NEXSOFT/Documents/GitHub/TA_SQA/TA-SQUAD-AKP/src/test/resources/Features/Siloam/120UpdateDataSalesLimaKombinasi.feature:16)
</pre></div><a href='#' onClick='toggleBox("stack-trace1972846458", this, "Click to show all stack frames", "Click to hide stack frames")'>Click to show all stack frames</a>
<div class='stack-trace' id='stack-trace1972846458'><pre>java.lang.AssertionError: expected [Aditya] but found [ADIT]
	at org.testng.Assert.fail(Assert.java:110)
	at org.testng.Assert.failNotEquals(Assert.java:1413)
	at org.testng.Assert.assertEqualsImpl(Assert.java:149)
	at org.testng.Assert.assertEquals(Assert.java:131)
	at org.testng.Assert.assertEquals(Assert.java:655)
	at org.testng.Assert.assertEquals(Assert.java:665)
	at cucumber.framework.runner.siloam.ttddigital.TestTTDPageKombinasiLima.siloam120_validasi_data_tersimpan_dan_form_ter_update(TestTTDPageKombinasiLima.java:130)
	at ✽.Siloam120 Validasi Data Tersimpan Dan Form Ter-update(file:///C:/Users/NEXSOFT/Documents/GitHub/TA_SQA/TA-SQUAD-AKP/src/test/resources/Features/Siloam/120UpdateDataSalesLimaKombinasi.feature:16)
</pre></div></td>
<td>12</td>
<td>cucumber.framework.runner.siloam.ttddigital.TTDDigitalRunner@68c9133c</td></tr>
<tr>
<td title='cucumber.framework.runner.siloam.ttddigital.TTDDigitalRunner.runScenario()'><b>runScenario</b><br>Test class: cucumber.framework.runner.siloam.ttddigital.TTDDigitalRunner<br>Test method: Runs Cucumber Scenarios<br>Parameters: "Siloam120 Sales Update Data Lima Kombinasi", "Update Data Sales Lima Kombinasi"</td>
<td><div><pre>java.lang.AssertionError: expected [Aditya] but found [ADIT]
	at org.testng.Assert.fail(Assert.java:110)
	at org.testng.Assert.failNotEquals(Assert.java:1413)
	at org.testng.Assert.assertEqualsImpl(Assert.java:149)
	at org.testng.Assert.assertEquals(Assert.java:131)
	at org.testng.Assert.assertEquals(Assert.java:655)
	at org.testng.Assert.assertEquals(Assert.java:665)
	at cucumber.framework.runner.siloam.ttddigital.TestTTDPageKombinasiLima.siloam120_validasi_data_tersimpan_dan_form_ter_update(TestTTDPageKombinasiLima.java:130)
	at ✽.Siloam120 Validasi Data Tersimpan Dan Form Ter-update(file:///C:/Users/NEXSOFT/Documents/GitHub/TA_SQA/TA-SQUAD-AKP/src/test/resources/Features/Siloam/120UpdateDataSalesLimaKombinasi.feature:16)
</pre></div><a href='#' onClick='toggleBox("stack-trace1608512753", this, "Click to show all stack frames", "Click to hide stack frames")'>Click to show all stack frames</a>
<div class='stack-trace' id='stack-trace1608512753'><pre>java.lang.AssertionError: expected [Aditya] but found [ADIT]
	at org.testng.Assert.fail(Assert.java:110)
	at org.testng.Assert.failNotEquals(Assert.java:1413)
	at org.testng.Assert.assertEqualsImpl(Assert.java:149)
	at org.testng.Assert.assertEquals(Assert.java:131)
	at org.testng.Assert.assertEquals(Assert.java:655)
	at org.testng.Assert.assertEquals(Assert.java:665)
	at cucumber.framework.runner.siloam.ttddigital.TestTTDPageKombinasiLima.siloam120_validasi_data_tersimpan_dan_form_ter_update(TestTTDPageKombinasiLima.java:130)
	at ✽.Siloam120 Validasi Data Tersimpan Dan Form Ter-update(file:///C:/Users/NEXSOFT/Documents/GitHub/TA_SQA/TA-SQUAD-AKP/src/test/resources/Features/Siloam/120UpdateDataSalesLimaKombinasi.feature:16)
</pre></div></td>
<td>14</td>
<td>cucumber.framework.runner.siloam.ttddigital.TTDDigitalRunner@68c9133c</td></tr>
<tr>
<td title='cucumber.framework.runner.siloam.ttddigital.TTDDigitalRunner.runScenario()'><b>runScenario</b><br>Test class: cucumber.framework.runner.siloam.ttddigital.TTDDigitalRunner<br>Test method: Runs Cucumber Scenarios<br>Parameters: "Siloam120 Sales Update Data Lima Kombinasi", "Update Data Sales Lima Kombinasi"</td>
<td><div><pre>java.lang.AssertionError: expected [Aditya] but found [ADIT]
	at org.testng.Assert.fail(Assert.java:110)
	at org.testng.Assert.failNotEquals(Assert.java:1413)
	at org.testng.Assert.assertEqualsImpl(Assert.java:149)
	at org.testng.Assert.assertEquals(Assert.java:131)
	at org.testng.Assert.assertEquals(Assert.java:655)
	at org.testng.Assert.assertEquals(Assert.java:665)
	at cucumber.framework.runner.siloam.ttddigital.TestTTDPageKombinasiLima.siloam120_validasi_data_tersimpan_dan_form_ter_update(TestTTDPageKombinasiLima.java:130)
	at ✽.Siloam120 Validasi Data Tersimpan Dan Form Ter-update(file:///C:/Users/NEXSOFT/Documents/GitHub/TA_SQA/TA-SQUAD-AKP/src/test/resources/Features/Siloam/120UpdateDataSalesLimaKombinasi.feature:16)
</pre></div><a href='#' onClick='toggleBox("stack-trace139346939", this, "Click to show all stack frames", "Click to hide stack frames")'>Click to show all stack frames</a>
<div class='stack-trace' id='stack-trace139346939'><pre>java.lang.AssertionError: expected [Aditya] but found [ADIT]
	at org.testng.Assert.fail(Assert.java:110)
	at org.testng.Assert.failNotEquals(Assert.java:1413)
	at org.testng.Assert.assertEqualsImpl(Assert.java:149)
	at org.testng.Assert.assertEquals(Assert.java:131)
	at org.testng.Assert.assertEquals(Assert.java:655)
	at org.testng.Assert.assertEquals(Assert.java:665)
	at cucumber.framework.runner.siloam.ttddigital.TestTTDPageKombinasiLima.siloam120_validasi_data_tersimpan_dan_form_ter_update(TestTTDPageKombinasiLima.java:130)
	at ✽.Siloam120 Validasi Data Tersimpan Dan Form Ter-update(file:///C:/Users/NEXSOFT/Documents/GitHub/TA_SQA/TA-SQUAD-AKP/src/test/resources/Features/Siloam/120UpdateDataSalesLimaKombinasi.feature:16)
</pre></div></td>
<td>11</td>
<td>cucumber.framework.runner.siloam.ttddigital.TTDDigitalRunner@68c9133c</td></tr>
<tr>
<td title='cucumber.framework.runner.siloam.ttddigital.TTDDigitalRunner.runScenario()'><b>runScenario</b><br>Test class: cucumber.framework.runner.siloam.ttddigital.TTDDigitalRunner<br>Test method: Runs Cucumber Scenarios<br>Parameters: "Siloam120 Sales Update Data Lima Kombinasi", "Update Data Sales Lima Kombinasi"</td>
<td><div><pre>java.lang.AssertionError: expected [Aditya] but found [ADIT]
	at org.testng.Assert.fail(Assert.java:110)
	at org.testng.Assert.failNotEquals(Assert.java:1413)
	at org.testng.Assert.assertEqualsImpl(Assert.java:149)
	at org.testng.Assert.assertEquals(Assert.java:131)
	at org.testng.Assert.assertEquals(Assert.java:655)
	at org.testng.Assert.assertEquals(Assert.java:665)
	at cucumber.framework.runner.siloam.ttddigital.TestTTDPageKombinasiLima.siloam120_validasi_data_tersimpan_dan_form_ter_update(TestTTDPageKombinasiLima.java:130)
	at ✽.Siloam120 Validasi Data Tersimpan Dan Form Ter-update(file:///C:/Users/NEXSOFT/Documents/GitHub/TA_SQA/TA-SQUAD-AKP/src/test/resources/Features/Siloam/120UpdateDataSalesLimaKombinasi.feature:16)
</pre></div><a href='#' onClick='toggleBox("stack-trace1381730594", this, "Click to show all stack frames", "Click to hide stack frames")'>Click to show all stack frames</a>
<div class='stack-trace' id='stack-trace1381730594'><pre>java.lang.AssertionError: expected [Aditya] but found [ADIT]
	at org.testng.Assert.fail(Assert.java:110)
	at org.testng.Assert.failNotEquals(Assert.java:1413)
	at org.testng.Assert.assertEqualsImpl(Assert.java:149)
	at org.testng.Assert.assertEquals(Assert.java:131)
	at org.testng.Assert.assertEquals(Assert.java:655)
	at org.testng.Assert.assertEquals(Assert.java:665)
	at cucumber.framework.runner.siloam.ttddigital.TestTTDPageKombinasiLima.siloam120_validasi_data_tersimpan_dan_form_ter_update(TestTTDPageKombinasiLima.java:130)
	at ✽.Siloam120 Validasi Data Tersimpan Dan Form Ter-update(file:///C:/Users/NEXSOFT/Documents/GitHub/TA_SQA/TA-SQUAD-AKP/src/test/resources/Features/Siloam/120UpdateDataSalesLimaKombinasi.feature:16)
</pre></div></td>
<td>9</td>
<td>cucumber.framework.runner.siloam.ttddigital.TTDDigitalRunner@68c9133c</td></tr>
<tr>
<td title='cucumber.framework.runner.siloam.ttddigital.TTDDigitalRunner.runScenario()'><b>runScenario</b><br>Test class: cucumber.framework.runner.siloam.ttddigital.TTDDigitalRunner<br>Test method: Runs Cucumber Scenarios<br>Parameters: "Siloam120 Sales Update Data Lima Kombinasi", "Update Data Sales Lima Kombinasi"</td>
<td><div><pre>java.lang.AssertionError: expected [Aditya] but found [ADIT]
	at org.testng.Assert.fail(Assert.java:110)
	at org.testng.Assert.failNotEquals(Assert.java:1413)
	at org.testng.Assert.assertEqualsImpl(Assert.java:149)
	at org.testng.Assert.assertEquals(Assert.java:131)
	at org.testng.Assert.assertEquals(Assert.java:655)
	at org.testng.Assert.assertEquals(Assert.java:665)
	at cucumber.framework.runner.siloam.ttddigital.TestTTDPageKombinasiLima.siloam120_validasi_data_tersimpan_dan_form_ter_update(TestTTDPageKombinasiLima.java:130)
	at ✽.Siloam120 Validasi Data Tersimpan Dan Form Ter-update(file:///C:/Users/NEXSOFT/Documents/GitHub/TA_SQA/TA-SQUAD-AKP/src/test/resources/Features/Siloam/120UpdateDataSalesLimaKombinasi.feature:16)
</pre></div><a href='#' onClick='toggleBox("stack-trace752679590", this, "Click to show all stack frames", "Click to hide stack frames")'>Click to show all stack frames</a>
<div class='stack-trace' id='stack-trace752679590'><pre>java.lang.AssertionError: expected [Aditya] but found [ADIT]
	at org.testng.Assert.fail(Assert.java:110)
	at org.testng.Assert.failNotEquals(Assert.java:1413)
	at org.testng.Assert.assertEqualsImpl(Assert.java:149)
	at org.testng.Assert.assertEquals(Assert.java:131)
	at org.testng.Assert.assertEquals(Assert.java:655)
	at org.testng.Assert.assertEquals(Assert.java:665)
	at cucumber.framework.runner.siloam.ttddigital.TestTTDPageKombinasiLima.siloam120_validasi_data_tersimpan_dan_form_ter_update(TestTTDPageKombinasiLima.java:130)
	at ✽.Siloam120 Validasi Data Tersimpan Dan Form Ter-update(file:///C:/Users/NEXSOFT/Documents/GitHub/TA_SQA/TA-SQUAD-AKP/src/test/resources/Features/Siloam/120UpdateDataSalesLimaKombinasi.feature:16)
</pre></div></td>
<td>12</td>
<td>cucumber.framework.runner.siloam.ttddigital.TTDDigitalRunner@68c9133c</td></tr>
<tr>
<td title='cucumber.framework.runner.siloam.ttddigital.TTDDigitalRunner.runScenario()'><b>runScenario</b><br>Test class: cucumber.framework.runner.siloam.ttddigital.TTDDigitalRunner<br>Test method: Runs Cucumber Scenarios<br>Parameters: "Siloam120 Sales Update Data Lima Kombinasi", "Update Data Sales Lima Kombinasi"</td>
<td><div><pre>java.lang.AssertionError: expected [Aditya] but found [ADIT]
	at org.testng.Assert.fail(Assert.java:110)
	at org.testng.Assert.failNotEquals(Assert.java:1413)
	at org.testng.Assert.assertEqualsImpl(Assert.java:149)
	at org.testng.Assert.assertEquals(Assert.java:131)
	at org.testng.Assert.assertEquals(Assert.java:655)
	at org.testng.Assert.assertEquals(Assert.java:665)
	at cucumber.framework.runner.siloam.ttddigital.TestTTDPageKombinasiLima.siloam120_validasi_data_tersimpan_dan_form_ter_update(TestTTDPageKombinasiLima.java:130)
	at ✽.Siloam120 Validasi Data Tersimpan Dan Form Ter-update(file:///C:/Users/NEXSOFT/Documents/GitHub/TA_SQA/TA-SQUAD-AKP/src/test/resources/Features/Siloam/120UpdateDataSalesLimaKombinasi.feature:16)
</pre></div><a href='#' onClick='toggleBox("stack-trace5584361", this, "Click to show all stack frames", "Click to hide stack frames")'>Click to show all stack frames</a>
<div class='stack-trace' id='stack-trace5584361'><pre>java.lang.AssertionError: expected [Aditya] but found [ADIT]
	at org.testng.Assert.fail(Assert.java:110)
	at org.testng.Assert.failNotEquals(Assert.java:1413)
	at org.testng.Assert.assertEqualsImpl(Assert.java:149)
	at org.testng.Assert.assertEquals(Assert.java:131)
	at org.testng.Assert.assertEquals(Assert.java:655)
	at org.testng.Assert.assertEquals(Assert.java:665)
	at cucumber.framework.runner.siloam.ttddigital.TestTTDPageKombinasiLima.siloam120_validasi_data_tersimpan_dan_form_ter_update(TestTTDPageKombinasiLima.java:130)
	at ✽.Siloam120 Validasi Data Tersimpan Dan Form Ter-update(file:///C:/Users/NEXSOFT/Documents/GitHub/TA_SQA/TA-SQUAD-AKP/src/test/resources/Features/Siloam/120UpdateDataSalesLimaKombinasi.feature:16)
</pre></div></td>
<td>11</td>
<td>cucumber.framework.runner.siloam.ttddigital.TTDDigitalRunner@68c9133c</td></tr>
<tr>
<td title='cucumber.framework.runner.siloam.ttddigital.TTDDigitalRunner.runScenario()'><b>runScenario</b><br>Test class: cucumber.framework.runner.siloam.ttddigital.TTDDigitalRunner<br>Test method: Runs Cucumber Scenarios<br>Parameters: "Siloam120 Sales Update Data Lima Kombinasi", "Update Data Sales Lima Kombinasi"</td>
<td><div><pre>java.lang.AssertionError: expected [Aditya] but found [ADIT]
	at org.testng.Assert.fail(Assert.java:110)
	at org.testng.Assert.failNotEquals(Assert.java:1413)
	at org.testng.Assert.assertEqualsImpl(Assert.java:149)
	at org.testng.Assert.assertEquals(Assert.java:131)
	at org.testng.Assert.assertEquals(Assert.java:655)
	at org.testng.Assert.assertEquals(Assert.java:665)
	at cucumber.framework.runner.siloam.ttddigital.TestTTDPageKombinasiLima.siloam120_validasi_data_tersimpan_dan_form_ter_update(TestTTDPageKombinasiLima.java:130)
	at ✽.Siloam120 Validasi Data Tersimpan Dan Form Ter-update(file:///C:/Users/NEXSOFT/Documents/GitHub/TA_SQA/TA-SQUAD-AKP/src/test/resources/Features/Siloam/120UpdateDataSalesLimaKombinasi.feature:16)
</pre></div><a href='#' onClick='toggleBox("stack-trace649154765", this, "Click to show all stack frames", "Click to hide stack frames")'>Click to show all stack frames</a>
<div class='stack-trace' id='stack-trace649154765'><pre>java.lang.AssertionError: expected [Aditya] but found [ADIT]
	at org.testng.Assert.fail(Assert.java:110)
	at org.testng.Assert.failNotEquals(Assert.java:1413)
	at org.testng.Assert.assertEqualsImpl(Assert.java:149)
	at org.testng.Assert.assertEquals(Assert.java:131)
	at org.testng.Assert.assertEquals(Assert.java:655)
	at org.testng.Assert.assertEquals(Assert.java:665)
	at cucumber.framework.runner.siloam.ttddigital.TestTTDPageKombinasiLima.siloam120_validasi_data_tersimpan_dan_form_ter_update(TestTTDPageKombinasiLima.java:130)
	at ✽.Siloam120 Validasi Data Tersimpan Dan Form Ter-update(file:///C:/Users/NEXSOFT/Documents/GitHub/TA_SQA/TA-SQUAD-AKP/src/test/resources/Features/Siloam/120UpdateDataSalesLimaKombinasi.feature:16)
</pre></div></td>
<td>13</td>
<td>cucumber.framework.runner.siloam.ttddigital.TTDDigitalRunner@68c9133c</td></tr>
</table><p>
<table width='100%' border='1' class='invocation-passed'>
<tr><td colspan='4' align='center'><b>PASSED TESTS</b></td></tr>
<tr><td><b>Test method</b></td>
<td><b>Attribute(s)</b></td>
<td width="30%"><b>Exception</b></td>
<td width="10%"><b>Time (seconds)</b></td>
<td><b>Instance</b></td>
</tr>
<tr>
<td title='cucumber.framework.runner.siloam.ttddigital.TTDDigitalRunner.runScenario()'><b>runScenario</b><br>Test class: cucumber.framework.runner.siloam.ttddigital.TTDDigitalRunner<br>Test method: Runs Cucumber Scenarios<br>Parameters: "Siloam130 Sales Invalid Edit Data Dua Kombinasi Kosong", "Sales Invalid Edit Data Dua Kombinasi Kosong"</td>
<td></td>
<td>9</td>
<td>cucumber.framework.runner.siloam.ttddigital.TTDDigitalRunner@68c9133c</td></tr>
<tr>
<td title='cucumber.framework.runner.siloam.ttddigital.TTDDigitalRunner.runScenario()'><b>runScenario</b><br>Test class: cucumber.framework.runner.siloam.ttddigital.TTDDigitalRunner<br>Test method: Runs Cucumber Scenarios<br>Parameters: "Siloam130 Sales Invalid Edit Data Dua Kombinasi Kosong", "Sales Invalid Edit Data Dua Kombinasi Kosong"</td>
<td></td>
<td>9</td>
<td>cucumber.framework.runner.siloam.ttddigital.TTDDigitalRunner@68c9133c</td></tr>
<tr>
<td title='cucumber.framework.runner.siloam.ttddigital.TTDDigitalRunner.runScenario()'><b>runScenario</b><br>Test class: cucumber.framework.runner.siloam.ttddigital.TTDDigitalRunner<br>Test method: Runs Cucumber Scenarios<br>Parameters: "Siloam140 Sales Invalid Edit Data Empat Kombinasi Kosong", "Sales Invalid Edit Data Empat Kombinasi Kosong"</td>
<td></td>
<td>22</td>
<td>cucumber.framework.runner.siloam.ttddigital.TTDDigitalRunner@68c9133c</td></tr>
<tr>
<td title='cucumber.framework.runner.siloam.ttddigital.TTDDigitalRunner.runScenario()'><b>runScenario</b><br>Test class: cucumber.framework.runner.siloam.ttddigital.TTDDigitalRunner<br>Test method: Runs Cucumber Scenarios<br>Parameters: "Siloam125 Sales Invalid Edit Data Satu Kombinasi Kosong", "Sales Invalid Edit Data Satu Kombinasi Kosong"</td>
<td></td>
<td>6</td>
<td>cucumber.framework.runner.siloam.ttddigital.TTDDigitalRunner@68c9133c</td></tr>
<tr>
<td title='cucumber.framework.runner.siloam.ttddigital.TTDDigitalRunner.runScenario()'><b>runScenario</b><br>Test class: cucumber.framework.runner.siloam.ttddigital.TTDDigitalRunner<br>Test method: Runs Cucumber Scenarios<br>Parameters: "Siloam120 Sales Update Data Lima Kombinasi", "Update Data Sales Lima Kombinasi"</td>
<td></td>
<td>18</td>
<td>cucumber.framework.runner.siloam.ttddigital.TTDDigitalRunner@68c9133c</td></tr>
<tr>
<td title='cucumber.framework.runner.siloam.ttddigital.TTDDigitalRunner.runScenario()'><b>runScenario</b><br>Test class: cucumber.framework.runner.siloam.ttddigital.TTDDigitalRunner<br>Test method: Runs Cucumber Scenarios<br>Parameters: "Siloam215 Sales Menekan Gambar TTD Digital Fitur File Upload", "Sales Menekan Gambar Pada Fitur File Upload"</td>
<td></td>
<td>26</td>
<td>cucumber.framework.runner.siloam.ttddigital.TTDDigitalRunner@68c9133c</td></tr>
<tr>
<td title='cucumber.framework.runner.siloam.ttddigital.TTDDigitalRunner.runScenario()'><b>runScenario</b><br>Test class: cucumber.framework.runner.siloam.ttddigital.TTDDigitalRunner<br>Test method: Runs Cucumber Scenarios<br>Parameters: "Siloam120 Sales Update Data Lima Kombinasi", "Update Data Sales Lima Kombinasi"</td>
<td></td>
<td>19</td>
<td>cucumber.framework.runner.siloam.ttddigital.TTDDigitalRunner@68c9133c</td></tr>
<tr>
<td title='cucumber.framework.runner.siloam.ttddigital.TTDDigitalRunner.runScenario()'><b>runScenario</b><br>Test class: cucumber.framework.runner.siloam.ttddigital.TTDDigitalRunner<br>Test method: Runs Cucumber Scenarios<br>Parameters: "Siloam130 Sales Login", "Sales Invalid Edit Data Dua Kombinasi Kosong"</td>
<td></td>
<td>7</td>
<td>cucumber.framework.runner.siloam.ttddigital.TTDDigitalRunner@68c9133c</td></tr>
<tr>
<td title='cucumber.framework.runner.siloam.ttddigital.TTDDigitalRunner.runScenario()'><b>runScenario</b><br>Test class: cucumber.framework.runner.siloam.ttddigital.TTDDigitalRunner<br>Test method: Runs Cucumber Scenarios<br>Parameters: "Siloam130 Sales Invalid Edit Data Dua Kombinasi Kosong", "Sales Invalid Edit Data Dua Kombinasi Kosong"</td>
<td></td>
<td>8</td>
<td>cucumber.framework.runner.siloam.ttddigital.TTDDigitalRunner@68c9133c</td></tr>
<tr>
<td title='cucumber.framework.runner.siloam.ttddigital.TTDDigitalRunner.runScenario()'><b>runScenario</b><br>Test class: cucumber.framework.runner.siloam.ttddigital.TTDDigitalRunner<br>Test method: Runs Cucumber Scenarios<br>Parameters: "Siloam120 Sales Update Data Lima Kombinasi", "Update Data Sales Lima Kombinasi"</td>
<td></td>
<td>19</td>
<td>cucumber.framework.runner.siloam.ttddigital.TTDDigitalRunner@68c9133c</td></tr>
<tr>
<td title='cucumber.framework.runner.siloam.ttddigital.TTDDigitalRunner.runScenario()'><b>runScenario</b><br>Test class: cucumber.framework.runner.siloam.ttddigital.TTDDigitalRunner<br>Test method: Runs Cucumber Scenarios<br>Parameters: "Siloam130 Sales Invalid Edit Data Dua Kombinasi Kosong", "Sales Invalid Edit Data Dua Kombinasi Kosong"</td>
<td></td>
<td>9</td>
<td>cucumber.framework.runner.siloam.ttddigital.TTDDigitalRunner@68c9133c</td></tr>
<tr>
<td title='cucumber.framework.runner.siloam.ttddigital.TTDDigitalRunner.runScenario()'><b>runScenario</b><br>Test class: cucumber.framework.runner.siloam.ttddigital.TTDDigitalRunner<br>Test method: Runs Cucumber Scenarios<br>Parameters: "Siloam150 Sales Login", "Sales Invalid Edit Data BPJS Kurang Karakter"</td>
<td></td>
<td>7</td>
<td>cucumber.framework.runner.siloam.ttddigital.TTDDigitalRunner@68c9133c</td></tr>
<tr>
<td title='cucumber.framework.runner.siloam.ttddigital.TTDDigitalRunner.runScenario()'><b>runScenario</b><br>Test class: cucumber.framework.runner.siloam.ttddigital.TTDDigitalRunner<br>Test method: Runs Cucumber Scenarios<br>Parameters: "Siloam130 Sales Invalid Edit Data Dua Kombinasi Kosong", "Sales Invalid Edit Data Dua Kombinasi Kosong"</td>
<td></td>
<td>9</td>
<td>cucumber.framework.runner.siloam.ttddigital.TTDDigitalRunner@68c9133c</td></tr>
<tr>
<td title='cucumber.framework.runner.siloam.ttddigital.TTDDigitalRunner.runScenario()'><b>runScenario</b><br>Test class: cucumber.framework.runner.siloam.ttddigital.TTDDigitalRunner<br>Test method: Runs Cucumber Scenarios<br>Parameters: "Siloam140 Sales Invalid Edit Data Empat Kombinasi Kosong", "Sales Invalid Edit Data Empat Kombinasi Kosong"</td>
<td></td>
<td>14</td>
<td>cucumber.framework.runner.siloam.ttddigital.TTDDigitalRunner@68c9133c</td></tr>
<tr>
<td title='cucumber.framework.runner.siloam.ttddigital.TTDDigitalRunner.runScenario()'><b>runScenario</b><br>Test class: cucumber.framework.runner.siloam.ttddigital.TTDDigitalRunner<br>Test method: Runs Cucumber Scenarios<br>Parameters: "Siloam135 Sales Invalid Edit Data Tiga Kombinasi Kosong", "Sales Invalid Edit Data Tiga Kombinasi Kosong"</td>
<td></td>
<td>11</td>
<td>cucumber.framework.runner.siloam.ttddigital.TTDDigitalRunner@68c9133c</td></tr>
<tr>
<td title='cucumber.framework.runner.siloam.ttddigital.TTDDigitalRunner.runScenario()'><b>runScenario</b><br>Test class: cucumber.framework.runner.siloam.ttddigital.TTDDigitalRunner<br>Test method: Runs Cucumber Scenarios<br>Parameters: "Siloam215 Sales Menekan Gambar After Fitur File Upload", "Sales Menekan Gambar Pada Fitur File Upload"</td>
<td></td>
<td>28</td>
<td>cucumber.framework.runner.siloam.ttddigital.TTDDigitalRunner@68c9133c</td></tr>
<tr>
<td title='cucumber.framework.runner.siloam.ttddigital.TTDDigitalRunner.runScenario()'><b>runScenario</b><br>Test class: cucumber.framework.runner.siloam.ttddigital.TTDDigitalRunner<br>Test method: Runs Cucumber Scenarios<br>Parameters: "Siloam140 Sales Login", "Sales Invalid Edit Data Empat Kombinasi Kosong"</td>
<td></td>
<td>8</td>
<td>cucumber.framework.runner.siloam.ttddigital.TTDDigitalRunner@68c9133c</td></tr>
<tr>
<td title='cucumber.framework.runner.siloam.ttddigital.TTDDigitalRunner.runScenario()'><b>runScenario</b><br>Test class: cucumber.framework.runner.siloam.ttddigital.TTDDigitalRunner<br>Test method: Runs Cucumber Scenarios<br>Parameters: "Siloam120 Sales Update Data Lima Kombinasi", "Update Data Sales Lima Kombinasi"</td>
<td></td>
<td>19</td>
<td>cucumber.framework.runner.siloam.ttddigital.TTDDigitalRunner@68c9133c</td></tr>
<tr>
<td title='cucumber.framework.runner.siloam.ttddigital.TTDDigitalRunner.runScenario()'><b>runScenario</b><br>Test class: cucumber.framework.runner.siloam.ttddigital.TTDDigitalRunner<br>Test method: Runs Cucumber Scenarios<br>Parameters: "Siloam120 Sales Update Data Lima Kombinasi", "Update Data Sales Lima Kombinasi"</td>
<td></td>
<td>18</td>
<td>cucumber.framework.runner.siloam.ttddigital.TTDDigitalRunner@68c9133c</td></tr>
<tr>
<td title='cucumber.framework.runner.siloam.ttddigital.TTDDigitalRunner.runScenario()'><b>runScenario</b><br>Test class: cucumber.framework.runner.siloam.ttddigital.TTDDigitalRunner<br>Test method: Runs Cucumber Scenarios<br>Parameters: "Siloam125 Sales Login", "Sales Invalid Edit Data Satu Kombinasi Kosong"</td>
<td></td>
<td>7</td>
<td>cucumber.framework.runner.siloam.ttddigital.TTDDigitalRunner@68c9133c</td></tr>
<tr>
<td title='cucumber.framework.runner.siloam.ttddigital.TTDDigitalRunner.runScenario()'><b>runScenario</b><br>Test class: cucumber.framework.runner.siloam.ttddigital.TTDDigitalRunner<br>Test method: Runs Cucumber Scenarios<br>Parameters: "Siloam120 Sales Login", "Update Data Sales Lima Kombinasi"</td>
<td></td>
<td>18</td>
<td>cucumber.framework.runner.siloam.ttddigital.TTDDigitalRunner@68c9133c</td></tr>
<tr>
<td title='cucumber.framework.runner.siloam.ttddigital.TTDDigitalRunner.runScenario()'><b>runScenario</b><br>Test class: cucumber.framework.runner.siloam.ttddigital.TTDDigitalRunner<br>Test method: Runs Cucumber Scenarios<br>Parameters: "Siloam120 Sales Update Data Lima Kombinasi", "Update Data Sales Lima Kombinasi"</td>
<td></td>
<td>20</td>
<td>cucumber.framework.runner.siloam.ttddigital.TTDDigitalRunner@68c9133c</td></tr>
<tr>
<td title='cucumber.framework.runner.siloam.ttddigital.TTDDigitalRunner.runScenario()'><b>runScenario</b><br>Test class: cucumber.framework.runner.siloam.ttddigital.TTDDigitalRunner<br>Test method: Runs Cucumber Scenarios<br>Parameters: "Siloam125 Sales Invalid Edit Data Satu Kombinasi Kosong", "Sales Invalid Edit Data Satu Kombinasi Kosong"</td>
<td></td>
<td>6</td>
<td>cucumber.framework.runner.siloam.ttddigital.TTDDigitalRunner@68c9133c</td></tr>
<tr>
<td title='cucumber.framework.runner.siloam.ttddigital.TTDDigitalRunner.runScenario()'><b>runScenario</b><br>Test class: cucumber.framework.runner.siloam.ttddigital.TTDDigitalRunner<br>Test method: Runs Cucumber Scenarios<br>Parameters: "Siloam120 Sales Update Data Lima Kombinasi", "Update Data Sales Lima Kombinasi"</td>
<td></td>
<td>17</td>
<td>cucumber.framework.runner.siloam.ttddigital.TTDDigitalRunner@68c9133c</td></tr>
<tr>
<td title='cucumber.framework.runner.siloam.ttddigital.TTDDigitalRunner.runScenario()'><b>runScenario</b><br>Test class: cucumber.framework.runner.siloam.ttddigital.TTDDigitalRunner<br>Test method: Runs Cucumber Scenarios<br>Parameters: "Siloam120 Sales Update Data Lima Kombinasi", "Update Data Sales Lima Kombinasi"</td>
<td></td>
<td>19</td>
<td>cucumber.framework.runner.siloam.ttddigital.TTDDigitalRunner@68c9133c</td></tr>
<tr>
<td title='cucumber.framework.runner.siloam.ttddigital.TTDDigitalRunner.runScenario()'><b>runScenario</b><br>Test class: cucumber.framework.runner.siloam.ttddigital.TTDDigitalRunner<br>Test method: Runs Cucumber Scenarios<br>Parameters: "Siloam135 Sales Invalid Edit Data Tiga Kombinasi Kosong", "Sales Invalid Edit Data Tiga Kombinasi Kosong"</td>
<td></td>
<td>12</td>
<td>cucumber.framework.runner.siloam.ttddigital.TTDDigitalRunner@68c9133c</td></tr>
<tr>
<td title='cucumber.framework.runner.siloam.ttddigital.TTDDigitalRunner.runScenario()'><b>runScenario</b><br>Test class: cucumber.framework.runner.siloam.ttddigital.TTDDigitalRunner<br>Test method: Runs Cucumber Scenarios<br>Parameters: "Siloam135 Sales Invalid Edit Data Tiga Kombinasi Kosong", "Sales Invalid Edit Data Tiga Kombinasi Kosong"</td>
<td></td>
<td>11</td>
<td>cucumber.framework.runner.siloam.ttddigital.TTDDigitalRunner@68c9133c</td></tr>
<tr>
<td title='cucumber.framework.runner.siloam.ttddigital.TTDDigitalRunner.runScenario()'><b>runScenario</b><br>Test class: cucumber.framework.runner.siloam.ttddigital.TTDDigitalRunner<br>Test method: Runs Cucumber Scenarios<br>Parameters: "Siloam135 Sales Invalid Edit Data Tiga Kombinasi Kosong", "Sales Invalid Edit Data Tiga Kombinasi Kosong"</td>
<td></td>
<td>12</td>
<td>cucumber.framework.runner.siloam.ttddigital.TTDDigitalRunner@68c9133c</td></tr>
<tr>
<td title='cucumber.framework.runner.siloam.ttddigital.TTDDigitalRunner.runScenario()'><b>runScenario</b><br>Test class: cucumber.framework.runner.siloam.ttddigital.TTDDigitalRunner<br>Test method: Runs Cucumber Scenarios<br>Parameters: "Siloam135 Sales Invalid Edit Data Tiga Kombinasi Kosong", "Sales Invalid Edit Data Tiga Kombinasi Kosong"</td>
<td></td>
<td>11</td>
<td>cucumber.framework.runner.siloam.ttddigital.TTDDigitalRunner@68c9133c</td></tr>
<tr>
<td title='cucumber.framework.runner.siloam.ttddigital.TTDDigitalRunner.runScenario()'><b>runScenario</b><br>Test class: cucumber.framework.runner.siloam.ttddigital.TTDDigitalRunner<br>Test method: Runs Cucumber Scenarios<br>Parameters: "Siloam135 Sales Invalid Edit Data Tiga Kombinasi Kosong", "Sales Invalid Edit Data Tiga Kombinasi Kosong"</td>
<td></td>
<td>13</td>
<td>cucumber.framework.runner.siloam.ttddigital.TTDDigitalRunner@68c9133c</td></tr>
<tr>
<td title='cucumber.framework.runner.siloam.ttddigital.TTDDigitalRunner.runScenario()'><b>runScenario</b><br>Test class: cucumber.framework.runner.siloam.ttddigital.TTDDigitalRunner<br>Test method: Runs Cucumber Scenarios<br>Parameters: "Siloam125 Sales Invalid Edit Data Satu Kombinasi Kosong", "Sales Invalid Edit Data Satu Kombinasi Kosong"</td>
<td></td>
<td>7</td>
<td>cucumber.framework.runner.siloam.ttddigital.TTDDigitalRunner@68c9133c</td></tr>
<tr>
<td title='cucumber.framework.runner.siloam.ttddigital.TTDDigitalRunner.runScenario()'><b>runScenario</b><br>Test class: cucumber.framework.runner.siloam.ttddigital.TTDDigitalRunner<br>Test method: Runs Cucumber Scenarios<br>Parameters: "Siloam120 Sales Update Data Lima Kombinasi", "Update Data Sales Lima Kombinasi"</td>
<td></td>
<td>16</td>
<td>cucumber.framework.runner.siloam.ttddigital.TTDDigitalRunner@68c9133c</td></tr>
<tr>
<td title='cucumber.framework.runner.siloam.ttddigital.TTDDigitalRunner.runScenario()'><b>runScenario</b><br>Test class: cucumber.framework.runner.siloam.ttddigital.TTDDigitalRunner<br>Test method: Runs Cucumber Scenarios<br>Parameters: "Siloam130 Sales Invalid Edit Data Dua Kombinasi Kosong", "Sales Invalid Edit Data Dua Kombinasi Kosong"</td>
<td></td>
<td>9</td>
<td>cucumber.framework.runner.siloam.ttddigital.TTDDigitalRunner@68c9133c</td></tr>
<tr>
<td title='cucumber.framework.runner.siloam.ttddigital.TTDDigitalRunner.runScenario()'><b>runScenario</b><br>Test class: cucumber.framework.runner.siloam.ttddigital.TTDDigitalRunner<br>Test method: Runs Cucumber Scenarios<br>Parameters: "Siloam210 Sales Menekan Gambar TTD Digital Fitur Document", "Sales Menekan Gambar Pada Fitur Document"</td>
<td></td>
<td>24</td>
<td>cucumber.framework.runner.siloam.ttddigital.TTDDigitalRunner@68c9133c</td></tr>
<tr>
<td title='cucumber.framework.runner.siloam.ttddigital.TTDDigitalRunner.runScenario()'><b>runScenario</b><br>Test class: cucumber.framework.runner.siloam.ttddigital.TTDDigitalRunner<br>Test method: Runs Cucumber Scenarios<br>Parameters: "Siloam125 Sales Invalid Edit Data Satu Kombinasi Kosong", "Sales Invalid Edit Data Satu Kombinasi Kosong"</td>
<td></td>
<td>7</td>
<td>cucumber.framework.runner.siloam.ttddigital.TTDDigitalRunner@68c9133c</td></tr>
<tr>
<td title='cucumber.framework.runner.siloam.ttddigital.TTDDigitalRunner.runScenario()'><b>runScenario</b><br>Test class: cucumber.framework.runner.siloam.ttddigital.TTDDigitalRunner<br>Test method: Runs Cucumber Scenarios<br>Parameters: "Siloam120 Sales Update Data Lima Kombinasi", "Update Data Sales Lima Kombinasi"</td>
<td></td>
<td>18</td>
<td>cucumber.framework.runner.siloam.ttddigital.TTDDigitalRunner@68c9133c</td></tr>
<tr>
<td title='cucumber.framework.runner.siloam.ttddigital.TTDDigitalRunner.runScenario()'><b>runScenario</b><br>Test class: cucumber.framework.runner.siloam.ttddigital.TTDDigitalRunner<br>Test method: Runs Cucumber Scenarios<br>Parameters: "Siloam120 Sales Update Data Lima Kombinasi", "Update Data Sales Lima Kombinasi"</td>
<td></td>
<td>18</td>
<td>cucumber.framework.runner.siloam.ttddigital.TTDDigitalRunner@68c9133c</td></tr>
<tr>
<td title='cucumber.framework.runner.siloam.ttddigital.TTDDigitalRunner.runScenario()'><b>runScenario</b><br>Test class: cucumber.framework.runner.siloam.ttddigital.TTDDigitalRunner<br>Test method: Runs Cucumber Scenarios<br>Parameters: "Siloam155 Sales Invalid Edit Data No KTP Kurang Karakter", "Sales Invalid Edit Data NoKTP Kurang Karakter"</td>
<td></td>
<td>4</td>
<td>cucumber.framework.runner.siloam.ttddigital.TTDDigitalRunner@68c9133c</td></tr>
<tr>
<td title='cucumber.framework.runner.siloam.ttddigital.TTDDigitalRunner.runScenario()'><b>runScenario</b><br>Test class: cucumber.framework.runner.siloam.ttddigital.TTDDigitalRunner<br>Test method: Runs Cucumber Scenarios<br>Parameters: "Siloam120 Sales Update Data Lima Kombinasi", "Update Data Sales Lima Kombinasi"</td>
<td></td>
<td>19</td>
<td>cucumber.framework.runner.siloam.ttddigital.TTDDigitalRunner@68c9133c</td></tr>
<tr>
<td title='cucumber.framework.runner.siloam.ttddigital.TTDDigitalRunner.runScenario()'><b>runScenario</b><br>Test class: cucumber.framework.runner.siloam.ttddigital.TTDDigitalRunner<br>Test method: Runs Cucumber Scenarios<br>Parameters: "Siloam135 Sales Invalid Edit Data Tiga Kombinasi Kosong", "Sales Invalid Edit Data Tiga Kombinasi Kosong"</td>
<td></td>
<td>12</td>
<td>cucumber.framework.runner.siloam.ttddigital.TTDDigitalRunner@68c9133c</td></tr>
<tr>
<td title='cucumber.framework.runner.siloam.ttddigital.TTDDigitalRunner.runScenario()'><b>runScenario</b><br>Test class: cucumber.framework.runner.siloam.ttddigital.TTDDigitalRunner<br>Test method: Runs Cucumber Scenarios<br>Parameters: "Siloam140 Sales Invalid Edit Data Empat Kombinasi Kosong", "Sales Invalid Edit Data Empat Kombinasi Kosong"</td>
<td></td>
<td>14</td>
<td>cucumber.framework.runner.siloam.ttddigital.TTDDigitalRunner@68c9133c</td></tr>
<tr>
<td title='cucumber.framework.runner.siloam.ttddigital.TTDDigitalRunner.runScenario()'><b>runScenario</b><br>Test class: cucumber.framework.runner.siloam.ttddigital.TTDDigitalRunner<br>Test method: Runs Cucumber Scenarios<br>Parameters: "Siloam215 Sales Menekan Gambar Before Fitur File Upload", "Sales Menekan Gambar Pada Fitur File Upload"</td>
<td></td>
<td>27</td>
<td>cucumber.framework.runner.siloam.ttddigital.TTDDigitalRunner@68c9133c</td></tr>
<tr>
<td title='cucumber.framework.runner.siloam.ttddigital.TTDDigitalRunner.runScenario()'><b>runScenario</b><br>Test class: cucumber.framework.runner.siloam.ttddigital.TTDDigitalRunner<br>Test method: Runs Cucumber Scenarios<br>Parameters: "Siloam140 Sales Invalid Edit Data Empat Kombinasi Kosong", "Sales Invalid Edit Data Empat Kombinasi Kosong"</td>
<td></td>
<td>14</td>
<td>cucumber.framework.runner.siloam.ttddigital.TTDDigitalRunner@68c9133c</td></tr>
<tr>
<td title='cucumber.framework.runner.siloam.ttddigital.TTDDigitalRunner.runScenario()'><b>runScenario</b><br>Test class: cucumber.framework.runner.siloam.ttddigital.TTDDigitalRunner<br>Test method: Runs Cucumber Scenarios<br>Parameters: "Siloam135 Sales Invalid Edit Data Tiga Kombinasi Kosong", "Sales Invalid Edit Data Tiga Kombinasi Kosong"</td>
<td></td>
<td>11</td>
<td>cucumber.framework.runner.siloam.ttddigital.TTDDigitalRunner@68c9133c</td></tr>
<tr>
<td title='cucumber.framework.runner.siloam.ttddigital.TTDDigitalRunner.runScenario()'><b>runScenario</b><br>Test class: cucumber.framework.runner.siloam.ttddigital.TTDDigitalRunner<br>Test method: Runs Cucumber Scenarios<br>Parameters: "Siloam120 Sales Update Data Lima Kombinasi", "Update Data Sales Lima Kombinasi"</td>
<td></td>
<td>16</td>
<td>cucumber.framework.runner.siloam.ttddigital.TTDDigitalRunner@68c9133c</td></tr>
<tr>
<td title='cucumber.framework.runner.siloam.ttddigital.TTDDigitalRunner.runScenario()'><b>runScenario</b><br>Test class: cucumber.framework.runner.siloam.ttddigital.TTDDigitalRunner<br>Test method: Runs Cucumber Scenarios<br>Parameters: "Siloam120 Sales Update Data Lima Kombinasi", "Update Data Sales Lima Kombinasi"</td>
<td></td>
<td>19</td>
<td>cucumber.framework.runner.siloam.ttddigital.TTDDigitalRunner@68c9133c</td></tr>
<tr>
<td title='cucumber.framework.runner.siloam.ttddigital.TTDDigitalRunner.runScenario()'><b>runScenario</b><br>Test class: cucumber.framework.runner.siloam.ttddigital.TTDDigitalRunner<br>Test method: Runs Cucumber Scenarios<br>Parameters: "Siloam150 Sales Invalid Edit Data BPJS Kurang Karakter", "Sales Invalid Edit Data BPJS Kurang Karakter"</td>
<td></td>
<td>4</td>
<td>cucumber.framework.runner.siloam.ttddigital.TTDDigitalRunner@68c9133c</td></tr>
<tr>
<td title='cucumber.framework.runner.siloam.ttddigital.TTDDigitalRunner.runScenario()'><b>runScenario</b><br>Test class: cucumber.framework.runner.siloam.ttddigital.TTDDigitalRunner<br>Test method: Runs Cucumber Scenarios<br>Parameters: "Siloam120 Sales Update Data Lima Kombinasi", "Update Data Sales Lima Kombinasi"</td>
<td></td>
<td>21</td>
<td>cucumber.framework.runner.siloam.ttddigital.TTDDigitalRunner@68c9133c</td></tr>
<tr>
<td title='cucumber.framework.runner.siloam.ttddigital.TTDDigitalRunner.runScenario()'><b>runScenario</b><br>Test class: cucumber.framework.runner.siloam.ttddigital.TTDDigitalRunner<br>Test method: Runs Cucumber Scenarios<br>Parameters: "Siloam130 Sales Invalid Edit Data Dua Kombinasi Kosong", "Sales Invalid Edit Data Dua Kombinasi Kosong"</td>
<td></td>
<td>10</td>
<td>cucumber.framework.runner.siloam.ttddigital.TTDDigitalRunner@68c9133c</td></tr>
<tr>
<td title='cucumber.framework.runner.siloam.ttddigital.TTDDigitalRunner.runScenario()'><b>runScenario</b><br>Test class: cucumber.framework.runner.siloam.ttddigital.TTDDigitalRunner<br>Test method: Runs Cucumber Scenarios<br>Parameters: "Siloam120 Sales Update Data Lima Kombinasi", "Update Data Sales Lima Kombinasi"</td>
<td></td>
<td>19</td>
<td>cucumber.framework.runner.siloam.ttddigital.TTDDigitalRunner@68c9133c</td></tr>
<tr>
<td title='cucumber.framework.runner.siloam.ttddigital.TTDDigitalRunner.runScenario()'><b>runScenario</b><br>Test class: cucumber.framework.runner.siloam.ttddigital.TTDDigitalRunner<br>Test method: Runs Cucumber Scenarios<br>Parameters: "Siloam130 Sales Invalid Edit Data Dua Kombinasi Kosong", "Sales Invalid Edit Data Dua Kombinasi Kosong"</td>
<td></td>
<td>9</td>
<td>cucumber.framework.runner.siloam.ttddigital.TTDDigitalRunner@68c9133c</td></tr>
<tr>
<td title='cucumber.framework.runner.siloam.ttddigital.TTDDigitalRunner.runScenario()'><b>runScenario</b><br>Test class: cucumber.framework.runner.siloam.ttddigital.TTDDigitalRunner<br>Test method: Runs Cucumber Scenarios<br>Parameters: "Siloam120 Sales Update Data Lima Kombinasi", "Update Data Sales Lima Kombinasi"</td>
<td></td>
<td>19</td>
<td>cucumber.framework.runner.siloam.ttddigital.TTDDigitalRunner@68c9133c</td></tr>
<tr>
<td title='cucumber.framework.runner.siloam.ttddigital.TTDDigitalRunner.runScenario()'><b>runScenario</b><br>Test class: cucumber.framework.runner.siloam.ttddigital.TTDDigitalRunner<br>Test method: Runs Cucumber Scenarios<br>Parameters: "Siloam120 Sales Update Data Lima Kombinasi", "Update Data Sales Lima Kombinasi"</td>
<td></td>
<td>17</td>
<td>cucumber.framework.runner.siloam.ttddigital.TTDDigitalRunner@68c9133c</td></tr>
<tr>
<td title='cucumber.framework.runner.siloam.ttddigital.TTDDigitalRunner.runScenario()'><b>runScenario</b><br>Test class: cucumber.framework.runner.siloam.ttddigital.TTDDigitalRunner<br>Test method: Runs Cucumber Scenarios<br>Parameters: "Siloam120 Sales Update Data Lima Kombinasi", "Update Data Sales Lima Kombinasi"</td>
<td></td>
<td>18</td>
<td>cucumber.framework.runner.siloam.ttddigital.TTDDigitalRunner@68c9133c</td></tr>
<tr>
<td title='cucumber.framework.runner.siloam.ttddigital.TTDDigitalRunner.runScenario()'><b>runScenario</b><br>Test class: cucumber.framework.runner.siloam.ttddigital.TTDDigitalRunner<br>Test method: Runs Cucumber Scenarios<br>Parameters: "Siloam140 Sales Invalid Edit Data Empat Kombinasi Kosong", "Sales Invalid Edit Data Empat Kombinasi Kosong"</td>
<td></td>
<td>13</td>
<td>cucumber.framework.runner.siloam.ttddigital.TTDDigitalRunner@68c9133c</td></tr>
<tr>
<td title='cucumber.framework.runner.siloam.ttddigital.TTDDigitalRunner.runScenario()'><b>runScenario</b><br>Test class: cucumber.framework.runner.siloam.ttddigital.TTDDigitalRunner<br>Test method: Runs Cucumber Scenarios<br>Parameters: "Siloam120 Sales Update Data Lima Kombinasi", "Update Data Sales Lima Kombinasi"</td>
<td></td>
<td>18</td>
<td>cucumber.framework.runner.siloam.ttddigital.TTDDigitalRunner@68c9133c</td></tr>
<tr>
<td title='cucumber.framework.runner.siloam.ttddigital.TTDDigitalRunner.runScenario()'><b>runScenario</b><br>Test class: cucumber.framework.runner.siloam.ttddigital.TTDDigitalRunner<br>Test method: Runs Cucumber Scenarios<br>Parameters: "Siloam120 Sales Update Data Lima Kombinasi", "Update Data Sales Lima Kombinasi"</td>
<td></td>
<td>18</td>
<td>cucumber.framework.runner.siloam.ttddigital.TTDDigitalRunner@68c9133c</td></tr>
<tr>
<td title='cucumber.framework.runner.siloam.ttddigital.TTDDigitalRunner.runScenario()'><b>runScenario</b><br>Test class: cucumber.framework.runner.siloam.ttddigital.TTDDigitalRunner<br>Test method: Runs Cucumber Scenarios<br>Parameters: "Siloam210 Sales Menekan Gambar After Fitur Document", "Sales Menekan Gambar Pada Fitur Document"</td>
<td></td>
<td>26</td>
<td>cucumber.framework.runner.siloam.ttddigital.TTDDigitalRunner@68c9133c</td></tr>
<tr>
<td title='cucumber.framework.runner.siloam.ttddigital.TTDDigitalRunner.runScenario()'><b>runScenario</b><br>Test class: cucumber.framework.runner.siloam.ttddigital.TTDDigitalRunner<br>Test method: Runs Cucumber Scenarios<br>Parameters: "Siloam220 Sales Menekan Tombol Submit", "Sales Submit"</td>
<td></td>
<td>9</td>
<td>cucumber.framework.runner.siloam.ttddigital.TTDDigitalRunner@68c9133c</td></tr>
<tr>
<td title='cucumber.framework.runner.siloam.ttddigital.TTDDigitalRunner.runScenario()'><b>runScenario</b><br>Test class: cucumber.framework.runner.siloam.ttddigital.TTDDigitalRunner<br>Test method: Runs Cucumber Scenarios<br>Parameters: "Siloam210 Sales Menekan Gambar Before Fitur Document", "Sales Menekan Gambar Pada Fitur Document"</td>
<td></td>
<td>29</td>
<td>cucumber.framework.runner.siloam.ttddigital.TTDDigitalRunner@68c9133c</td></tr>
<tr>
<td title='cucumber.framework.runner.siloam.ttddigital.TTDDigitalRunner.runScenario()'><b>runScenario</b><br>Test class: cucumber.framework.runner.siloam.ttddigital.TTDDigitalRunner<br>Test method: Runs Cucumber Scenarios<br>Parameters: "Siloam155 Sales Login", "Sales Invalid Edit Data NoKTP Kurang Karakter"</td>
<td></td>
<td>6</td>
<td>cucumber.framework.runner.siloam.ttddigital.TTDDigitalRunner@68c9133c</td></tr>
<tr>
<td title='cucumber.framework.runner.siloam.ttddigital.TTDDigitalRunner.runScenario()'><b>runScenario</b><br>Test class: cucumber.framework.runner.siloam.ttddigital.TTDDigitalRunner<br>Test method: Runs Cucumber Scenarios<br>Parameters: "Siloam145 Sales Login", "Sales Invalid Edit Data Lima Kombinasi Kosong"</td>
<td></td>
<td>6</td>
<td>cucumber.framework.runner.siloam.ttddigital.TTDDigitalRunner@68c9133c</td></tr>
<tr>
<td title='cucumber.framework.runner.siloam.ttddigital.TTDDigitalRunner.runScenario()'><b>runScenario</b><br>Test class: cucumber.framework.runner.siloam.ttddigital.TTDDigitalRunner<br>Test method: Runs Cucumber Scenarios<br>Parameters: "Siloam135 Sales Invalid Edit Data Tiga Kombinasi Kosong", "Sales Invalid Edit Data Tiga Kombinasi Kosong"</td>
<td></td>
<td>11</td>
<td>cucumber.framework.runner.siloam.ttddigital.TTDDigitalRunner@68c9133c</td></tr>
<tr>
<td title='cucumber.framework.runner.siloam.ttddigital.TTDDigitalRunner.runScenario()'><b>runScenario</b><br>Test class: cucumber.framework.runner.siloam.ttddigital.TTDDigitalRunner<br>Test method: Runs Cucumber Scenarios<br>Parameters: "Siloam125 Sales Invalid Edit Data Satu Kombinasi Kosong", "Sales Invalid Edit Data Satu Kombinasi Kosong"</td>
<td></td>
<td>6</td>
<td>cucumber.framework.runner.siloam.ttddigital.TTDDigitalRunner@68c9133c</td></tr>
<tr>
<td title='cucumber.framework.runner.siloam.ttddigital.TTDDigitalRunner.runScenario()'><b>runScenario</b><br>Test class: cucumber.framework.runner.siloam.ttddigital.TTDDigitalRunner<br>Test method: Runs Cucumber Scenarios<br>Parameters: "Siloam135 Sales Login", "Sales Invalid Edit Data Tiga Kombinasi Kosong"</td>
<td></td>
<td>7</td>
<td>cucumber.framework.runner.siloam.ttddigital.TTDDigitalRunner@68c9133c</td></tr>
<tr>
<td title='cucumber.framework.runner.siloam.ttddigital.TTDDigitalRunner.runScenario()'><b>runScenario</b><br>Test class: cucumber.framework.runner.siloam.ttddigital.TTDDigitalRunner<br>Test method: Runs Cucumber Scenarios<br>Parameters: "Siloam130 Sales Invalid Edit Data Dua Kombinasi Kosong", "Sales Invalid Edit Data Dua Kombinasi Kosong"</td>
<td></td>
<td>10</td>
<td>cucumber.framework.runner.siloam.ttddigital.TTDDigitalRunner@68c9133c</td></tr>
<tr>
<td title='cucumber.framework.runner.siloam.ttddigital.TTDDigitalRunner.runScenario()'><b>runScenario</b><br>Test class: cucumber.framework.runner.siloam.ttddigital.TTDDigitalRunner<br>Test method: Runs Cucumber Scenarios<br>Parameters: "Siloam135 Sales Invalid Edit Data Tiga Kombinasi Kosong", "Sales Invalid Edit Data Tiga Kombinasi Kosong"</td>
<td></td>
<td>12</td>
<td>cucumber.framework.runner.siloam.ttddigital.TTDDigitalRunner@68c9133c</td></tr>
<tr>
<td title='cucumber.framework.runner.siloam.ttddigital.TTDDigitalRunner.runScenario()'><b>runScenario</b><br>Test class: cucumber.framework.runner.siloam.ttddigital.TTDDigitalRunner<br>Test method: Runs Cucumber Scenarios<br>Parameters: "Siloam145 Sales Invalid Edit Data Lima Kombinasi Kosong", "Sales Invalid Edit Data Lima Kombinasi Kosong"</td>
<td></td>
<td>17</td>
<td>cucumber.framework.runner.siloam.ttddigital.TTDDigitalRunner@68c9133c</td></tr>
<tr>
<td title='cucumber.framework.runner.siloam.ttddigital.TTDDigitalRunner.runScenario()'><b>runScenario</b><br>Test class: cucumber.framework.runner.siloam.ttddigital.TTDDigitalRunner<br>Test method: Runs Cucumber Scenarios<br>Parameters: "Siloam130 Sales Invalid Edit Data Dua Kombinasi Kosong", "Sales Invalid Edit Data Dua Kombinasi Kosong"</td>
<td></td>
<td>9</td>
<td>cucumber.framework.runner.siloam.ttddigital.TTDDigitalRunner@68c9133c</td></tr>
</table><p>
</body>
</html>