<?xml version="1.0" encoding="UTF-8"?>
<!-- Generated by org.testng.reporters.JUnitReportReporter -->
<testsuite hostname="DESKTOP-KFF6RM1" failures="35" tests="104" name="cucumber.framework.runner.siloam.ttddigital.TTDDigitalRunner" time="1379.235" errors="0" timestamp="2022-10-08T10:10:12 WIB" skipped="0">
  <testcase classname="cucumber.framework.runner.siloam.ttddigital.TTDDigitalRunner" name="runScenario" time="9.841"/>
  <system-out/>
  <testcase classname="cucumber.framework.runner.siloam.ttddigital.TTDDigitalRunner" name="runScenario" time="4.620"/>
  <system-out/>
  <testcase classname="cucumber.framework.runner.siloam.ttddigital.TTDDigitalRunner" name="runScenario" time="14.140"/>
  <system-out/>
  <testcase classname="cucumber.framework.runner.siloam.ttddigital.TTDDigitalRunner" name="runScenario" time="10.214">
    <failure message="expected [Aditya] but found [ADIT]" type="java.lang.AssertionError">
      <![CDATA[java.lang.AssertionError: expected [Aditya] but found [ADIT]
at org.testng.Assert.fail(Assert.java:110)
at org.testng.Assert.failNotEquals(Assert.java:1413)
at org.testng.Assert.assertEqualsImpl(Assert.java:149)
at org.testng.Assert.assertEquals(Assert.java:131)
at org.testng.Assert.assertEquals(Assert.java:655)
at org.testng.Assert.assertEquals(Assert.java:665)
at cucumber.framework.runner.siloam.ttddigital.TestTTDPageKombinasiLima.siloam120_validasi_data_tersimpan_dan_form_ter_update(TestTTDPageKombinasiLima.java:130)
at ✽.Siloam120 Validasi Data Tersimpan Dan Form Ter-update(file:///C:/Users/NEXSOFT/Documents/GitHub/TA_SQA/TA-SQUAD-AKP/src/test/resources/Features/Siloam/120UpdateDataSalesLimaKombinasi.feature:16)
]]>
    </failure>
  </testcase> <!-- runScenario -->
  <system-out/>
  <testcase classname="cucumber.framework.runner.siloam.ttddigital.TTDDigitalRunner" name="runScenario" time="18.443"/>
  <system-out/>
  <testcase classname="cucumber.framework.runner.siloam.ttddigital.TTDDigitalRunner" name="runScenario" time="19.391"/>
  <system-out/>
  <testcase classname="cucumber.framework.runner.siloam.ttddigital.TTDDigitalRunner" name="runScenario" time="6.725"/>
  <system-out/>
  <testcase classname="cucumber.framework.runner.siloam.ttddigital.TTDDigitalRunner" name="runScenario" time="12.048">
    <failure message="expected [Aditya] but found [ADIT]" type="java.lang.AssertionError">
      <![CDATA[java.lang.AssertionError: expected [Aditya] but found [ADIT]
at org.testng.Assert.fail(Assert.java:110)
at org.testng.Assert.failNotEquals(Assert.java:1413)
at org.testng.Assert.assertEqualsImpl(Assert.java:149)
at org.testng.Assert.assertEquals(Assert.java:131)
at org.testng.Assert.assertEquals(Assert.java:655)
at org.testng.Assert.assertEquals(Assert.java:665)
at cucumber.framework.runner.siloam.ttddigital.TestTTDPageKombinasiLima.siloam120_validasi_data_tersimpan_dan_form_ter_update(TestTTDPageKombinasiLima.java:130)
at ✽.Siloam120 Validasi Data Tersimpan Dan Form Ter-update(file:///C:/Users/NEXSOFT/Documents/GitHub/TA_SQA/TA-SQUAD-AKP/src/test/resources/Features/Siloam/120UpdateDataSalesLimaKombinasi.feature:16)
]]>
    </failure>
  </testcase> <!-- runScenario -->
  <system-out/>
  <testcase classname="cucumber.framework.runner.siloam.ttddigital.TTDDigitalRunner" name="runScenario" time="11.159"/>
  <system-out/>
  <testcase classname="cucumber.framework.runner.siloam.ttddigital.TTDDigitalRunner" name="runScenario" time="12.451">
    <failure message="expected [Aditya] but found [ADIT]" type="java.lang.AssertionError">
      <![CDATA[java.lang.AssertionError: expected [Aditya] but found [ADIT]
at org.testng.Assert.fail(Assert.java:110)
at org.testng.Assert.failNotEquals(Assert.java:1413)
at org.testng.Assert.assertEqualsImpl(Assert.java:149)
at org.testng.Assert.assertEquals(Assert.java:131)
at org.testng.Assert.assertEquals(Assert.java:655)
at org.testng.Assert.assertEquals(Assert.java:665)
at cucumber.framework.runner.siloam.ttddigital.TestTTDPageKombinasiLima.siloam120_validasi_data_tersimpan_dan_form_ter_update(TestTTDPageKombinasiLima.java:130)
at ✽.Siloam120 Validasi Data Tersimpan Dan Form Ter-update(file:///C:/Users/NEXSOFT/Documents/GitHub/TA_SQA/TA-SQUAD-AKP/src/test/resources/Features/Siloam/120UpdateDataSalesLimaKombinasi.feature:16)
]]>
    </failure>
  </testcase> <!-- runScenario -->
  <system-out/>
  <testcase classname="cucumber.framework.runner.siloam.ttddigital.TTDDigitalRunner" name="runScenario" time="11.632">
    <failure message="expected [Aditya] but found [ADIT]" type="java.lang.AssertionError">
      <![CDATA[java.lang.AssertionError: expected [Aditya] but found [ADIT]
at org.testng.Assert.fail(Assert.java:110)
at org.testng.Assert.failNotEquals(Assert.java:1413)
at org.testng.Assert.assertEqualsImpl(Assert.java:149)
at org.testng.Assert.assertEquals(Assert.java:131)
at org.testng.Assert.assertEquals(Assert.java:655)
at org.testng.Assert.assertEquals(Assert.java:665)
at cucumber.framework.runner.siloam.ttddigital.TestTTDPageKombinasiLima.siloam120_validasi_data_tersimpan_dan_form_ter_update(TestTTDPageKombinasiLima.java:130)
at ✽.Siloam120 Validasi Data Tersimpan Dan Form Ter-update(file:///C:/Users/NEXSOFT/Documents/GitHub/TA_SQA/TA-SQUAD-AKP/src/test/resources/Features/Siloam/120UpdateDataSalesLimaKombinasi.feature:16)
]]>
    </failure>
  </testcase> <!-- runScenario -->
  <system-out/>
  <testcase classname="cucumber.framework.runner.siloam.ttddigital.TTDDigitalRunner" name="runScenario" time="12.244">
    <failure message="expected [Aditya] but found [ADIT]" type="java.lang.AssertionError">
      <![CDATA[java.lang.AssertionError: expected [Aditya] but found [ADIT]
at org.testng.Assert.fail(Assert.java:110)
at org.testng.Assert.failNotEquals(Assert.java:1413)
at org.testng.Assert.assertEqualsImpl(Assert.java:149)
at org.testng.Assert.assertEquals(Assert.java:131)
at org.testng.Assert.assertEquals(Assert.java:655)
at org.testng.Assert.assertEquals(Assert.java:665)
at cucumber.framework.runner.siloam.ttddigital.TestTTDPageKombinasiLima.siloam120_validasi_data_tersimpan_dan_form_ter_update(TestTTDPageKombinasiLima.java:130)
at ✽.Siloam120 Validasi Data Tersimpan Dan Form Ter-update(file:///C:/Users/NEXSOFT/Documents/GitHub/TA_SQA/TA-SQUAD-AKP/src/test/resources/Features/Siloam/120UpdateDataSalesLimaKombinasi.feature:16)
]]>
    </failure>
  </testcase> <!-- runScenario -->
  <system-out/>
  <testcase classname="cucumber.framework.runner.siloam.ttddigital.TTDDigitalRunner" name="runScenario" time="9.914"/>
  <system-out/>
  <testcase classname="cucumber.framework.runner.siloam.ttddigital.TTDDigitalRunner" name="runScenario" time="20.776"/>
  <system-out/>
  <testcase classname="cucumber.framework.runner.siloam.ttddigital.TTDDigitalRunner" name="runScenario" time="12.492">
    <failure message="expected [Aditya] but found [ADIT]" type="java.lang.AssertionError">
      <![CDATA[java.lang.AssertionError: expected [Aditya] but found [ADIT]
at org.testng.Assert.fail(Assert.java:110)
at org.testng.Assert.failNotEquals(Assert.java:1413)
at org.testng.Assert.assertEqualsImpl(Assert.java:149)
at org.testng.Assert.assertEquals(Assert.java:131)
at org.testng.Assert.assertEquals(Assert.java:655)
at org.testng.Assert.assertEquals(Assert.java:665)
at cucumber.framework.runner.siloam.ttddigital.TestTTDPageKombinasiLima.siloam120_validasi_data_tersimpan_dan_form_ter_update(TestTTDPageKombinasiLima.java:130)
at ✽.Siloam120 Validasi Data Tersimpan Dan Form Ter-update(file:///C:/Users/NEXSOFT/Documents/GitHub/TA_SQA/TA-SQUAD-AKP/src/test/resources/Features/Siloam/120UpdateDataSalesLimaKombinasi.feature:16)
]]>
    </failure>
  </testcase> <!-- runScenario -->
  <system-out/>
  <testcase classname="cucumber.framework.runner.siloam.ttddigital.TTDDigitalRunner" name="runScenario" time="13.265">
    <failure message="expected [Aditya] but found [ADIT]" type="java.lang.AssertionError">
      <![CDATA[java.lang.AssertionError: expected [Aditya] but found [ADIT]
at org.testng.Assert.fail(Assert.java:110)
at org.testng.Assert.failNotEquals(Assert.java:1413)
at org.testng.Assert.assertEqualsImpl(Assert.java:149)
at org.testng.Assert.assertEquals(Assert.java:131)
at org.testng.Assert.assertEquals(Assert.java:655)
at org.testng.Assert.assertEquals(Assert.java:665)
at cucumber.framework.runner.siloam.ttddigital.TestTTDPageKombinasiLima.siloam120_validasi_data_tersimpan_dan_form_ter_update(TestTTDPageKombinasiLima.java:130)
at ✽.Siloam120 Validasi Data Tersimpan Dan Form Ter-update(file:///C:/Users/NEXSOFT/Documents/GitHub/TA_SQA/TA-SQUAD-AKP/src/test/resources/Features/Siloam/120UpdateDataSalesLimaKombinasi.feature:16)
]]>
    </failure>
  </testcase> <!-- runScenario -->
  <system-out/>
  <testcase classname="cucumber.framework.runner.siloam.ttddigital.TTDDigitalRunner" name="runScenario" time="14.664"/>
  <system-out/>
  <testcase classname="cucumber.framework.runner.siloam.ttddigital.TTDDigitalRunner" name="runScenario" time="11.030">
    <failure message="expected [Aditya] but found [ADIT]" type="java.lang.AssertionError">
      <![CDATA[java.lang.AssertionError: expected [Aditya] but found [ADIT]
at org.testng.Assert.fail(Assert.java:110)
at org.testng.Assert.failNotEquals(Assert.java:1413)
at org.testng.Assert.assertEqualsImpl(Assert.java:149)
at org.testng.Assert.assertEquals(Assert.java:131)
at org.testng.Assert.assertEquals(Assert.java:655)
at org.testng.Assert.assertEquals(Assert.java:665)
at cucumber.framework.runner.siloam.ttddigital.TestTTDPageKombinasiLima.siloam120_validasi_data_tersimpan_dan_form_ter_update(TestTTDPageKombinasiLima.java:130)
at ✽.Siloam120 Validasi Data Tersimpan Dan Form Ter-update(file:///C:/Users/NEXSOFT/Documents/GitHub/TA_SQA/TA-SQUAD-AKP/src/test/resources/Features/Siloam/120UpdateDataSalesLimaKombinasi.feature:16)
]]>
    </failure>
  </testcase> <!-- runScenario -->
  <system-out/>
  <testcase classname="cucumber.framework.runner.siloam.ttddigital.TTDDigitalRunner" name="runScenario" time="7.915"/>
  <system-out/>
  <testcase classname="cucumber.framework.runner.siloam.ttddigital.TTDDigitalRunner" name="runScenario" time="27.055"/>
  <system-out/>
  <testcase classname="cucumber.framework.runner.siloam.ttddigital.TTDDigitalRunner" name="runScenario" time="28.666"/>
  <system-out/>
  <testcase classname="cucumber.framework.runner.siloam.ttddigital.TTDDigitalRunner" name="runScenario" time="10.420">
    <failure message="expected [Aditya] but found [ADIT]" type="java.lang.AssertionError">
      <![CDATA[java.lang.AssertionError: expected [Aditya] but found [ADIT]
at org.testng.Assert.fail(Assert.java:110)
at org.testng.Assert.failNotEquals(Assert.java:1413)
at org.testng.Assert.assertEqualsImpl(Assert.java:149)
at org.testng.Assert.assertEquals(Assert.java:131)
at org.testng.Assert.assertEquals(Assert.java:655)
at org.testng.Assert.assertEquals(Assert.java:665)
at cucumber.framework.runner.siloam.ttddigital.TestTTDPageKombinasiLima.siloam120_validasi_data_tersimpan_dan_form_ter_update(TestTTDPageKombinasiLima.java:130)
at ✽.Siloam120 Validasi Data Tersimpan Dan Form Ter-update(file:///C:/Users/NEXSOFT/Documents/GitHub/TA_SQA/TA-SQUAD-AKP/src/test/resources/Features/Siloam/120UpdateDataSalesLimaKombinasi.feature:16)
]]>
    </failure>
  </testcase> <!-- runScenario -->
  <system-out/>
  <testcase classname="cucumber.framework.runner.siloam.ttddigital.TTDDigitalRunner" name="runScenario" time="24.574"/>
  <system-out/>
  <testcase classname="cucumber.framework.runner.siloam.ttddigital.TTDDigitalRunner" name="runScenario" time="26.627"/>
  <system-out/>
  <testcase classname="cucumber.framework.runner.siloam.ttddigital.TTDDigitalRunner" name="runScenario" time="11.366">
    <failure message="expected [Aditya] but found [ADIT]" type="java.lang.AssertionError">
      <![CDATA[java.lang.AssertionError: expected [Aditya] but found [ADIT]
at org.testng.Assert.fail(Assert.java:110)
at org.testng.Assert.failNotEquals(Assert.java:1413)
at org.testng.Assert.assertEqualsImpl(Assert.java:149)
at org.testng.Assert.assertEquals(Assert.java:131)
at org.testng.Assert.assertEquals(Assert.java:655)
at org.testng.Assert.assertEquals(Assert.java:665)
at cucumber.framework.runner.siloam.ttddigital.TestTTDPageKombinasiLima.siloam120_validasi_data_tersimpan_dan_form_ter_update(TestTTDPageKombinasiLima.java:130)
at ✽.Siloam120 Validasi Data Tersimpan Dan Form Ter-update(file:///C:/Users/NEXSOFT/Documents/GitHub/TA_SQA/TA-SQUAD-AKP/src/test/resources/Features/Siloam/120UpdateDataSalesLimaKombinasi.feature:16)
]]>
    </failure>
  </testcase> <!-- runScenario -->
  <system-out/>
  <testcase classname="cucumber.framework.runner.siloam.ttddigital.TTDDigitalRunner" name="runScenario" time="10.879">
    <failure message="expected [Aditya] but found [ADIT]" type="java.lang.AssertionError">
      <![CDATA[java.lang.AssertionError: expected [Aditya] but found [ADIT]
at org.testng.Assert.fail(Assert.java:110)
at org.testng.Assert.failNotEquals(Assert.java:1413)
at org.testng.Assert.assertEqualsImpl(Assert.java:149)
at org.testng.Assert.assertEquals(Assert.java:131)
at org.testng.Assert.assertEquals(Assert.java:655)
at org.testng.Assert.assertEquals(Assert.java:665)
at cucumber.framework.runner.siloam.ttddigital.TestTTDPageKombinasiLima.siloam120_validasi_data_tersimpan_dan_form_ter_update(TestTTDPageKombinasiLima.java:130)
at ✽.Siloam120 Validasi Data Tersimpan Dan Form Ter-update(file:///C:/Users/NEXSOFT/Documents/GitHub/TA_SQA/TA-SQUAD-AKP/src/test/resources/Features/Siloam/120UpdateDataSalesLimaKombinasi.feature:16)
]]>
    </failure>
  </testcase> <!-- runScenario -->
  <system-out/>
  <testcase classname="cucumber.framework.runner.siloam.ttddigital.TTDDigitalRunner" name="runScenario" time="18.816"/>
  <system-out/>
  <testcase classname="cucumber.framework.runner.siloam.ttddigital.TTDDigitalRunner" name="runScenario" time="8.284"/>
  <system-out/>
  <testcase classname="cucumber.framework.runner.siloam.ttddigital.TTDDigitalRunner" name="runScenario" time="11.328">
    <failure message="expected [Aditya] but found [ADIT]" type="java.lang.AssertionError">
      <![CDATA[java.lang.AssertionError: expected [Aditya] but found [ADIT]
at org.testng.Assert.fail(Assert.java:110)
at org.testng.Assert.failNotEquals(Assert.java:1413)
at org.testng.Assert.assertEqualsImpl(Assert.java:149)
at org.testng.Assert.assertEquals(Assert.java:131)
at org.testng.Assert.assertEquals(Assert.java:655)
at org.testng.Assert.assertEquals(Assert.java:665)
at cucumber.framework.runner.siloam.ttddigital.TestTTDPageKombinasiLima.siloam120_validasi_data_tersimpan_dan_form_ter_update(TestTTDPageKombinasiLima.java:130)
at ✽.Siloam120 Validasi Data Tersimpan Dan Form Ter-update(file:///C:/Users/NEXSOFT/Documents/GitHub/TA_SQA/TA-SQUAD-AKP/src/test/resources/Features/Siloam/120UpdateDataSalesLimaKombinasi.feature:16)
]]>
    </failure>
  </testcase> <!-- runScenario -->
  <system-out/>
  <testcase classname="cucumber.framework.runner.siloam.ttddigital.TTDDigitalRunner" name="runScenario" time="19.128"/>
  <system-out/>
  <testcase classname="cucumber.framework.runner.siloam.ttddigital.TTDDigitalRunner" name="runScenario" time="8.905"/>
  <system-out/>
  <testcase classname="cucumber.framework.runner.siloam.ttddigital.TTDDigitalRunner" name="runScenario" time="8.610"/>
  <system-out/>
  <testcase classname="cucumber.framework.runner.siloam.ttddigital.TTDDigitalRunner" name="runScenario" time="15.631"/>
  <system-out/>
  <testcase classname="cucumber.framework.runner.siloam.ttddigital.TTDDigitalRunner" name="runScenario" time="12.398">
    <failure message="expected [Aditya] but found [ADIT]" type="java.lang.AssertionError">
      <![CDATA[java.lang.AssertionError: expected [Aditya] but found [ADIT]
at org.testng.Assert.fail(Assert.java:110)
at org.testng.Assert.failNotEquals(Assert.java:1413)
at org.testng.Assert.assertEqualsImpl(Assert.java:149)
at org.testng.Assert.assertEquals(Assert.java:131)
at org.testng.Assert.assertEquals(Assert.java:655)
at org.testng.Assert.assertEquals(Assert.java:665)
at cucumber.framework.runner.siloam.ttddigital.TestTTDPageKombinasiLima.siloam120_validasi_data_tersimpan_dan_form_ter_update(TestTTDPageKombinasiLima.java:130)
at ✽.Siloam120 Validasi Data Tersimpan Dan Form Ter-update(file:///C:/Users/NEXSOFT/Documents/GitHub/TA_SQA/TA-SQUAD-AKP/src/test/resources/Features/Siloam/120UpdateDataSalesLimaKombinasi.feature:16)
]]>
    </failure>
  </testcase> <!-- runScenario -->
  <system-out/>
  <testcase classname="cucumber.framework.runner.siloam.ttddigital.TTDDigitalRunner" name="runScenario" time="6.630"/>
  <system-out/>
  <testcase classname="cucumber.framework.runner.siloam.ttddigital.TTDDigitalRunner" name="runScenario" time="10.024"/>
  <system-out/>
  <testcase classname="cucumber.framework.runner.siloam.ttddigital.TTDDigitalRunner" name="runScenario" time="12.477"/>
  <system-out/>
  <testcase classname="cucumber.framework.runner.siloam.ttddigital.TTDDigitalRunner" name="runScenario" time="10.936">
    <failure message="expected [Aditya] but found [ADIT]" type="java.lang.AssertionError">
      <![CDATA[java.lang.AssertionError: expected [Aditya] but found [ADIT]
at org.testng.Assert.fail(Assert.java:110)
at org.testng.Assert.failNotEquals(Assert.java:1413)
at org.testng.Assert.assertEqualsImpl(Assert.java:149)
at org.testng.Assert.assertEquals(Assert.java:131)
at org.testng.Assert.assertEquals(Assert.java:655)
at org.testng.Assert.assertEquals(Assert.java:665)
at cucumber.framework.runner.siloam.ttddigital.TestTTDPageKombinasiLima.siloam120_validasi_data_tersimpan_dan_form_ter_update(TestTTDPageKombinasiLima.java:130)
at ✽.Siloam120 Validasi Data Tersimpan Dan Form Ter-update(file:///C:/Users/NEXSOFT/Documents/GitHub/TA_SQA/TA-SQUAD-AKP/src/test/resources/Features/Siloam/120UpdateDataSalesLimaKombinasi.feature:16)
]]>
    </failure>
  </testcase> <!-- runScenario -->
  <system-out/>
  <testcase classname="cucumber.framework.runner.siloam.ttddigital.TTDDigitalRunner" name="runScenario" time="18.782"/>
  <system-out/>
  <testcase classname="cucumber.framework.runner.siloam.ttddigital.TTDDigitalRunner" name="runScenario" time="12.209"/>
  <system-out/>
  <testcase classname="cucumber.framework.runner.siloam.ttddigital.TTDDigitalRunner" name="runScenario" time="17.879"/>
  <system-out/>
  <testcase classname="cucumber.framework.runner.siloam.ttddigital.TTDDigitalRunner" name="runScenario" time="10.302"/>
  <system-out/>
  <testcase classname="cucumber.framework.runner.siloam.ttddigital.TTDDigitalRunner" name="runScenario" time="31.584"/>
  <system-out/>
  <testcase classname="cucumber.framework.runner.siloam.ttddigital.TTDDigitalRunner" name="runScenario" time="10.044"/>
  <system-out/>
  <testcase classname="cucumber.framework.runner.siloam.ttddigital.TTDDigitalRunner" name="runScenario" time="12.405"/>
  <system-out/>
  <testcase classname="cucumber.framework.runner.siloam.ttddigital.TTDDigitalRunner" name="runScenario" time="11.746">
    <failure message="expected [Aditya] but found [ADIT]" type="java.lang.AssertionError">
      <![CDATA[java.lang.AssertionError: expected [Aditya] but found [ADIT]
at org.testng.Assert.fail(Assert.java:110)
at org.testng.Assert.failNotEquals(Assert.java:1413)
at org.testng.Assert.assertEqualsImpl(Assert.java:149)
at org.testng.Assert.assertEquals(Assert.java:131)
at org.testng.Assert.assertEquals(Assert.java:655)
at org.testng.Assert.assertEquals(Assert.java:665)
at cucumber.framework.runner.siloam.ttddigital.TestTTDPageKombinasiLima.siloam120_validasi_data_tersimpan_dan_form_ter_update(TestTTDPageKombinasiLima.java:130)
at ✽.Siloam120 Validasi Data Tersimpan Dan Form Ter-update(file:///C:/Users/NEXSOFT/Documents/GitHub/TA_SQA/TA-SQUAD-AKP/src/test/resources/Features/Siloam/120UpdateDataSalesLimaKombinasi.feature:16)
]]>
    </failure>
  </testcase> <!-- runScenario -->
  <system-out/>
  <testcase classname="cucumber.framework.runner.siloam.ttddigital.TTDDigitalRunner" name="runScenario" time="11.922">
    <failure message="expected [Aditya] but found [ADIT]" type="java.lang.AssertionError">
      <![CDATA[java.lang.AssertionError: expected [Aditya] but found [ADIT]
at org.testng.Assert.fail(Assert.java:110)
at org.testng.Assert.failNotEquals(Assert.java:1413)
at org.testng.Assert.assertEqualsImpl(Assert.java:149)
at org.testng.Assert.assertEquals(Assert.java:131)
at org.testng.Assert.assertEquals(Assert.java:655)
at org.testng.Assert.assertEquals(Assert.java:665)
at cucumber.framework.runner.siloam.ttddigital.TestTTDPageKombinasiLima.siloam120_validasi_data_tersimpan_dan_form_ter_update(TestTTDPageKombinasiLima.java:130)
at ✽.Siloam120 Validasi Data Tersimpan Dan Form Ter-update(file:///C:/Users/NEXSOFT/Documents/GitHub/TA_SQA/TA-SQUAD-AKP/src/test/resources/Features/Siloam/120UpdateDataSalesLimaKombinasi.feature:16)
]]>
    </failure>
  </testcase> <!-- runScenario -->
  <system-out/>
  <testcase classname="cucumber.framework.runner.siloam.ttddigital.TTDDigitalRunner" name="runScenario" time="9.996"/>
  <system-out/>
  <testcase classname="cucumber.framework.runner.siloam.ttddigital.TTDDigitalRunner" name="runScenario" time="8.589"/>
  <system-out/>
  <testcase classname="cucumber.framework.runner.siloam.ttddigital.TTDDigitalRunner" name="runScenario" time="15.591"/>
  <system-out/>
  <testcase classname="cucumber.framework.runner.siloam.ttddigital.TTDDigitalRunner" name="runScenario" time="4.600"/>
  <system-out/>
  <testcase classname="cucumber.framework.runner.siloam.ttddigital.TTDDigitalRunner" name="runScenario" time="13.276">
    <failure message="expected [Aditya] but found [ADIT]" type="java.lang.AssertionError">
      <![CDATA[java.lang.AssertionError: expected [Aditya] but found [ADIT]
at org.testng.Assert.fail(Assert.java:110)
at org.testng.Assert.failNotEquals(Assert.java:1413)
at org.testng.Assert.assertEqualsImpl(Assert.java:149)
at org.testng.Assert.assertEquals(Assert.java:131)
at org.testng.Assert.assertEquals(Assert.java:655)
at org.testng.Assert.assertEquals(Assert.java:665)
at cucumber.framework.runner.siloam.ttddigital.TestTTDPageKombinasiLima.siloam120_validasi_data_tersimpan_dan_form_ter_update(TestTTDPageKombinasiLima.java:130)
at ✽.Siloam120 Validasi Data Tersimpan Dan Form Ter-update(file:///C:/Users/NEXSOFT/Documents/GitHub/TA_SQA/TA-SQUAD-AKP/src/test/resources/Features/Siloam/120UpdateDataSalesLimaKombinasi.feature:16)
]]>
    </failure>
  </testcase> <!-- runScenario -->
  <system-out/>
  <testcase classname="cucumber.framework.runner.siloam.ttddigital.TTDDigitalRunner" name="runScenario" time="10.841">
    <failure message="expected [Aditya] but found [ADIT]" type="java.lang.AssertionError">
      <![CDATA[java.lang.AssertionError: expected [Aditya] but found [ADIT]
at org.testng.Assert.fail(Assert.java:110)
at org.testng.Assert.failNotEquals(Assert.java:1413)
at org.testng.Assert.assertEqualsImpl(Assert.java:149)
at org.testng.Assert.assertEquals(Assert.java:131)
at org.testng.Assert.assertEquals(Assert.java:655)
at org.testng.Assert.assertEquals(Assert.java:665)
at cucumber.framework.runner.siloam.ttddigital.TestTTDPageKombinasiLima.siloam120_validasi_data_tersimpan_dan_form_ter_update(TestTTDPageKombinasiLima.java:130)
at ✽.Siloam120 Validasi Data Tersimpan Dan Form Ter-update(file:///C:/Users/NEXSOFT/Documents/GitHub/TA_SQA/TA-SQUAD-AKP/src/test/resources/Features/Siloam/120UpdateDataSalesLimaKombinasi.feature:16)
]]>
    </failure>
  </testcase> <!-- runScenario -->
  <system-out/>
  <testcase classname="cucumber.framework.runner.siloam.ttddigital.TTDDigitalRunner" name="runScenario" time="5.603"/>
  <system-out/>
  <testcase classname="cucumber.framework.runner.siloam.ttddigital.TTDDigitalRunner" name="runScenario" time="12.697">
    <failure message="expected [Aditya] but found [ADIT]" type="java.lang.AssertionError">
      <![CDATA[java.lang.AssertionError: expected [Aditya] but found [ADIT]
at org.testng.Assert.fail(Assert.java:110)
at org.testng.Assert.failNotEquals(Assert.java:1413)
at org.testng.Assert.assertEqualsImpl(Assert.java:149)
at org.testng.Assert.assertEquals(Assert.java:131)
at org.testng.Assert.assertEquals(Assert.java:655)
at org.testng.Assert.assertEquals(Assert.java:665)
at cucumber.framework.runner.siloam.ttddigital.TestTTDPageKombinasiLima.siloam120_validasi_data_tersimpan_dan_form_ter_update(TestTTDPageKombinasiLima.java:130)
at ✽.Siloam120 Validasi Data Tersimpan Dan Form Ter-update(file:///C:/Users/NEXSOFT/Documents/GitHub/TA_SQA/TA-SQUAD-AKP/src/test/resources/Features/Siloam/120UpdateDataSalesLimaKombinasi.feature:16)
]]>
    </failure>
  </testcase> <!-- runScenario -->
  <system-out/>
  <testcase classname="cucumber.framework.runner.siloam.ttddigital.TTDDigitalRunner" name="runScenario" time="11.346">
    <failure message="expected [Aditya] but found [ADIT]" type="java.lang.AssertionError">
      <![CDATA[java.lang.AssertionError: expected [Aditya] but found [ADIT]
at org.testng.Assert.fail(Assert.java:110)
at org.testng.Assert.failNotEquals(Assert.java:1413)
at org.testng.Assert.assertEqualsImpl(Assert.java:149)
at org.testng.Assert.assertEquals(Assert.java:131)
at org.testng.Assert.assertEquals(Assert.java:655)
at org.testng.Assert.assertEquals(Assert.java:665)
at cucumber.framework.runner.siloam.ttddigital.TestTTDPageKombinasiLima.siloam120_validasi_data_tersimpan_dan_form_ter_update(TestTTDPageKombinasiLima.java:130)
at ✽.Siloam120 Validasi Data Tersimpan Dan Form Ter-update(file:///C:/Users/NEXSOFT/Documents/GitHub/TA_SQA/TA-SQUAD-AKP/src/test/resources/Features/Siloam/120UpdateDataSalesLimaKombinasi.feature:16)
]]>
    </failure>
  </testcase> <!-- runScenario -->
  <system-out/>
  <testcase classname="cucumber.framework.runner.siloam.ttddigital.TTDDigitalRunner" name="runScenario" time="7.847"/>
  <system-out/>
  <testcase classname="cucumber.framework.runner.siloam.ttddigital.TTDDigitalRunner" name="runScenario" time="11.189">
    <failure message="expected [Aditya] but found [ADIT]" type="java.lang.AssertionError">
      <![CDATA[java.lang.AssertionError: expected [Aditya] but found [ADIT]
at org.testng.Assert.fail(Assert.java:110)
at org.testng.Assert.failNotEquals(Assert.java:1413)
at org.testng.Assert.assertEqualsImpl(Assert.java:149)
at org.testng.Assert.assertEquals(Assert.java:131)
at org.testng.Assert.assertEquals(Assert.java:655)
at org.testng.Assert.assertEquals(Assert.java:665)
at cucumber.framework.runner.siloam.ttddigital.TestTTDPageKombinasiLima.siloam120_validasi_data_tersimpan_dan_form_ter_update(TestTTDPageKombinasiLima.java:130)
at ✽.Siloam120 Validasi Data Tersimpan Dan Form Ter-update(file:///C:/Users/NEXSOFT/Documents/GitHub/TA_SQA/TA-SQUAD-AKP/src/test/resources/Features/Siloam/120UpdateDataSalesLimaKombinasi.feature:16)
]]>
    </failure>
  </testcase> <!-- runScenario -->
  <system-out/>
  <testcase classname="cucumber.framework.runner.siloam.ttddigital.TTDDigitalRunner" name="runScenario" time="5.269"/>
  <system-out/>
  <testcase classname="cucumber.framework.runner.siloam.ttddigital.TTDDigitalRunner" name="runScenario" time="9.675"/>
  <system-out/>
  <testcase classname="cucumber.framework.runner.siloam.ttddigital.TTDDigitalRunner" name="runScenario" time="11.997">
    <failure message="expected [Aditya] but found [ADIT]" type="java.lang.AssertionError">
      <![CDATA[java.lang.AssertionError: expected [Aditya] but found [ADIT]
at org.testng.Assert.fail(Assert.java:110)
at org.testng.Assert.failNotEquals(Assert.java:1413)
at org.testng.Assert.assertEqualsImpl(Assert.java:149)
at org.testng.Assert.assertEquals(Assert.java:131)
at org.testng.Assert.assertEquals(Assert.java:655)
at org.testng.Assert.assertEquals(Assert.java:665)
at cucumber.framework.runner.siloam.ttddigital.TestTTDPageKombinasiLima.siloam120_validasi_data_tersimpan_dan_form_ter_update(TestTTDPageKombinasiLima.java:130)
at ✽.Siloam120 Validasi Data Tersimpan Dan Form Ter-update(file:///C:/Users/NEXSOFT/Documents/GitHub/TA_SQA/TA-SQUAD-AKP/src/test/resources/Features/Siloam/120UpdateDataSalesLimaKombinasi.feature:16)
]]>
    </failure>
  </testcase> <!-- runScenario -->
  <system-out/>
  <testcase classname="cucumber.framework.runner.siloam.ttddigital.TTDDigitalRunner" name="runScenario" time="11.464">
    <failure message="expected [Aditya] but found [ADIT]" type="java.lang.AssertionError">
      <![CDATA[java.lang.AssertionError: expected [Aditya] but found [ADIT]
at org.testng.Assert.fail(Assert.java:110)
at org.testng.Assert.failNotEquals(Assert.java:1413)
at org.testng.Assert.assertEqualsImpl(Assert.java:149)
at org.testng.Assert.assertEquals(Assert.java:131)
at org.testng.Assert.assertEquals(Assert.java:655)
at org.testng.Assert.assertEquals(Assert.java:665)
at cucumber.framework.runner.siloam.ttddigital.TestTTDPageKombinasiLima.siloam120_validasi_data_tersimpan_dan_form_ter_update(TestTTDPageKombinasiLima.java:130)
at ✽.Siloam120 Validasi Data Tersimpan Dan Form Ter-update(file:///C:/Users/NEXSOFT/Documents/GitHub/TA_SQA/TA-SQUAD-AKP/src/test/resources/Features/Siloam/120UpdateDataSalesLimaKombinasi.feature:16)
]]>
    </failure>
  </testcase> <!-- runScenario -->
  <system-out/>
  <testcase classname="cucumber.framework.runner.siloam.ttddigital.TTDDigitalRunner" name="runScenario" time="12.073"/>
  <system-out/>
  <testcase classname="cucumber.framework.runner.siloam.ttddigital.TTDDigitalRunner" name="runScenario" time="26.533"/>
  <system-out/>
  <testcase classname="cucumber.framework.runner.siloam.ttddigital.TTDDigitalRunner" name="runScenario" time="10.738"/>
  <system-out/>
  <testcase classname="cucumber.framework.runner.siloam.ttddigital.TTDDigitalRunner" name="runScenario" time="12.428"/>
  <system-out/>
  <testcase classname="cucumber.framework.runner.siloam.ttddigital.TTDDigitalRunner" name="runScenario" time="5.409"/>
  <system-out/>
  <testcase classname="cucumber.framework.runner.siloam.ttddigital.TTDDigitalRunner" name="runScenario" time="19.283"/>
  <system-out/>
  <testcase classname="cucumber.framework.runner.siloam.ttddigital.TTDDigitalRunner" name="runScenario" time="11.142">
    <failure message="expected [Aditya] but found [ADIT]" type="java.lang.AssertionError">
      <![CDATA[java.lang.AssertionError: expected [Aditya] but found [ADIT]
at org.testng.Assert.fail(Assert.java:110)
at org.testng.Assert.failNotEquals(Assert.java:1413)
at org.testng.Assert.assertEqualsImpl(Assert.java:149)
at org.testng.Assert.assertEquals(Assert.java:131)
at org.testng.Assert.assertEquals(Assert.java:655)
at org.testng.Assert.assertEquals(Assert.java:665)
at cucumber.framework.runner.siloam.ttddigital.TestTTDPageKombinasiLima.siloam120_validasi_data_tersimpan_dan_form_ter_update(TestTTDPageKombinasiLima.java:130)
at ✽.Siloam120 Validasi Data Tersimpan Dan Form Ter-update(file:///C:/Users/NEXSOFT/Documents/GitHub/TA_SQA/TA-SQUAD-AKP/src/test/resources/Features/Siloam/120UpdateDataSalesLimaKombinasi.feature:16)
]]>
    </failure>
  </testcase> <!-- runScenario -->
  <system-out/>
  <testcase classname="cucumber.framework.runner.siloam.ttddigital.TTDDigitalRunner" name="runScenario" time="24.895"/>
  <system-out/>
  <testcase classname="cucumber.framework.runner.siloam.ttddigital.TTDDigitalRunner" name="runScenario" time="17.171"/>
  <system-out/>
  <testcase classname="cucumber.framework.runner.siloam.ttddigital.TTDDigitalRunner" name="runScenario" time="5.203"/>
  <system-out/>
  <testcase classname="cucumber.framework.runner.siloam.ttddigital.TTDDigitalRunner" name="runScenario" time="12.403">
    <failure message="expected [Aditya] but found [ADIT]" type="java.lang.AssertionError">
      <![CDATA[java.lang.AssertionError: expected [Aditya] but found [ADIT]
at org.testng.Assert.fail(Assert.java:110)
at org.testng.Assert.failNotEquals(Assert.java:1413)
at org.testng.Assert.assertEqualsImpl(Assert.java:149)
at org.testng.Assert.assertEquals(Assert.java:131)
at org.testng.Assert.assertEquals(Assert.java:655)
at org.testng.Assert.assertEquals(Assert.java:665)
at cucumber.framework.runner.siloam.ttddigital.TestTTDPageKombinasiLima.siloam120_validasi_data_tersimpan_dan_form_ter_update(TestTTDPageKombinasiLima.java:130)
at ✽.Siloam120 Validasi Data Tersimpan Dan Form Ter-update(file:///C:/Users/NEXSOFT/Documents/GitHub/TA_SQA/TA-SQUAD-AKP/src/test/resources/Features/Siloam/120UpdateDataSalesLimaKombinasi.feature:16)
]]>
    </failure>
  </testcase> <!-- runScenario -->
  <system-out/>
  <testcase classname="cucumber.framework.runner.siloam.ttddigital.TTDDigitalRunner" name="runScenario" time="8.430"/>
  <system-out/>
  <testcase classname="cucumber.framework.runner.siloam.ttddigital.TTDDigitalRunner" name="runScenario" time="11.576">
    <failure message="expected [Aditya] but found [ADIT]" type="java.lang.AssertionError">
      <![CDATA[java.lang.AssertionError: expected [Aditya] but found [ADIT]
at org.testng.Assert.fail(Assert.java:110)
at org.testng.Assert.failNotEquals(Assert.java:1413)
at org.testng.Assert.assertEqualsImpl(Assert.java:149)
at org.testng.Assert.assertEquals(Assert.java:131)
at org.testng.Assert.assertEquals(Assert.java:655)
at org.testng.Assert.assertEquals(Assert.java:665)
at cucumber.framework.runner.siloam.ttddigital.TestTTDPageKombinasiLima.siloam120_validasi_data_tersimpan_dan_form_ter_update(TestTTDPageKombinasiLima.java:130)
at ✽.Siloam120 Validasi Data Tersimpan Dan Form Ter-update(file:///C:/Users/NEXSOFT/Documents/GitHub/TA_SQA/TA-SQUAD-AKP/src/test/resources/Features/Siloam/120UpdateDataSalesLimaKombinasi.feature:16)
]]>
    </failure>
  </testcase> <!-- runScenario -->
  <system-out/>
  <testcase classname="cucumber.framework.runner.siloam.ttddigital.TTDDigitalRunner" name="runScenario" time="7.989"/>
  <system-out/>
  <testcase classname="cucumber.framework.runner.siloam.ttddigital.TTDDigitalRunner" name="runScenario" time="5.667"/>
  <system-out/>
  <testcase classname="cucumber.framework.runner.siloam.ttddigital.TTDDigitalRunner" name="runScenario" time="19.249"/>
  <system-out/>
  <testcase classname="cucumber.framework.runner.siloam.ttddigital.TTDDigitalRunner" name="runScenario" time="5.926"/>
  <system-out/>
  <testcase classname="cucumber.framework.runner.siloam.ttddigital.TTDDigitalRunner" name="runScenario" time="10.135">
    <failure message="expected [Aditya] but found [ADIT]" type="java.lang.AssertionError">
      <![CDATA[java.lang.AssertionError: expected [Aditya] but found [ADIT]
at org.testng.Assert.fail(Assert.java:110)
at org.testng.Assert.failNotEquals(Assert.java:1413)
at org.testng.Assert.assertEqualsImpl(Assert.java:149)
at org.testng.Assert.assertEquals(Assert.java:131)
at org.testng.Assert.assertEquals(Assert.java:655)
at org.testng.Assert.assertEquals(Assert.java:665)
at cucumber.framework.runner.siloam.ttddigital.TestTTDPageKombinasiLima.siloam120_validasi_data_tersimpan_dan_form_ter_update(TestTTDPageKombinasiLima.java:130)
at ✽.Siloam120 Validasi Data Tersimpan Dan Form Ter-update(file:///C:/Users/NEXSOFT/Documents/GitHub/TA_SQA/TA-SQUAD-AKP/src/test/resources/Features/Siloam/120UpdateDataSalesLimaKombinasi.feature:16)
]]>
    </failure>
  </testcase> <!-- runScenario -->
  <system-out/>
  <testcase classname="cucumber.framework.runner.siloam.ttddigital.TTDDigitalRunner" name="runScenario" time="11.308">
    <failure message="expected [Aditya] but found [ADIT]" type="java.lang.AssertionError">
      <![CDATA[java.lang.AssertionError: expected [Aditya] but found [ADIT]
at org.testng.Assert.fail(Assert.java:110)
at org.testng.Assert.failNotEquals(Assert.java:1413)
at org.testng.Assert.assertEqualsImpl(Assert.java:149)
at org.testng.Assert.assertEquals(Assert.java:131)
at org.testng.Assert.assertEquals(Assert.java:655)
at org.testng.Assert.assertEquals(Assert.java:665)
at cucumber.framework.runner.siloam.ttddigital.TestTTDPageKombinasiLima.siloam120_validasi_data_tersimpan_dan_form_ter_update(TestTTDPageKombinasiLima.java:130)
at ✽.Siloam120 Validasi Data Tersimpan Dan Form Ter-update(file:///C:/Users/NEXSOFT/Documents/GitHub/TA_SQA/TA-SQUAD-AKP/src/test/resources/Features/Siloam/120UpdateDataSalesLimaKombinasi.feature:16)
]]>
    </failure>
  </testcase> <!-- runScenario -->
  <system-out/>
  <testcase classname="cucumber.framework.runner.siloam.ttddigital.TTDDigitalRunner" name="runScenario" time="11.306">
    <failure message="expected [Aditya] but found [ADIT]" type="java.lang.AssertionError">
      <![CDATA[java.lang.AssertionError: expected [Aditya] but found [ADIT]
at org.testng.Assert.fail(Assert.java:110)
at org.testng.Assert.failNotEquals(Assert.java:1413)
at org.testng.Assert.assertEqualsImpl(Assert.java:149)
at org.testng.Assert.assertEquals(Assert.java:131)
at org.testng.Assert.assertEquals(Assert.java:655)
at org.testng.Assert.assertEquals(Assert.java:665)
at cucumber.framework.runner.siloam.ttddigital.TestTTDPageKombinasiLima.siloam120_validasi_data_tersimpan_dan_form_ter_update(TestTTDPageKombinasiLima.java:130)
at ✽.Siloam120 Validasi Data Tersimpan Dan Form Ter-update(file:///C:/Users/NEXSOFT/Documents/GitHub/TA_SQA/TA-SQUAD-AKP/src/test/resources/Features/Siloam/120UpdateDataSalesLimaKombinasi.feature:16)
]]>
    </failure>
  </testcase> <!-- runScenario -->
  <system-out/>
  <testcase classname="cucumber.framework.runner.siloam.ttddigital.TTDDigitalRunner" name="runScenario" time="12.654">
    <failure message="expected [Aditya] but found [ADIT]" type="java.lang.AssertionError">
      <![CDATA[java.lang.AssertionError: expected [Aditya] but found [ADIT]
at org.testng.Assert.fail(Assert.java:110)
at org.testng.Assert.failNotEquals(Assert.java:1413)
at org.testng.Assert.assertEqualsImpl(Assert.java:149)
at org.testng.Assert.assertEquals(Assert.java:131)
at org.testng.Assert.assertEquals(Assert.java:655)
at org.testng.Assert.assertEquals(Assert.java:665)
at cucumber.framework.runner.siloam.ttddigital.TestTTDPageKombinasiLima.siloam120_validasi_data_tersimpan_dan_form_ter_update(TestTTDPageKombinasiLima.java:130)
at ✽.Siloam120 Validasi Data Tersimpan Dan Form Ter-update(file:///C:/Users/NEXSOFT/Documents/GitHub/TA_SQA/TA-SQUAD-AKP/src/test/resources/Features/Siloam/120UpdateDataSalesLimaKombinasi.feature:16)
]]>
    </failure>
  </testcase> <!-- runScenario -->
  <system-out/>
  <testcase classname="cucumber.framework.runner.siloam.ttddigital.TTDDigitalRunner" name="runScenario" time="16.621"/>
  <system-out/>
  <testcase classname="cucumber.framework.runner.siloam.ttddigital.TTDDigitalRunner" name="runScenario" time="12.309">
    <failure message="expected [Aditya] but found [ADIT]" type="java.lang.AssertionError">
      <![CDATA[java.lang.AssertionError: expected [Aditya] but found [ADIT]
at org.testng.Assert.fail(Assert.java:110)
at org.testng.Assert.failNotEquals(Assert.java:1413)
at org.testng.Assert.assertEqualsImpl(Assert.java:149)
at org.testng.Assert.assertEquals(Assert.java:131)
at org.testng.Assert.assertEquals(Assert.java:655)
at org.testng.Assert.assertEquals(Assert.java:665)
at cucumber.framework.runner.siloam.ttddigital.TestTTDPageKombinasiLima.siloam120_validasi_data_tersimpan_dan_form_ter_update(TestTTDPageKombinasiLima.java:130)
at ✽.Siloam120 Validasi Data Tersimpan Dan Form Ter-update(file:///C:/Users/NEXSOFT/Documents/GitHub/TA_SQA/TA-SQUAD-AKP/src/test/resources/Features/Siloam/120UpdateDataSalesLimaKombinasi.feature:16)
]]>
    </failure>
  </testcase> <!-- runScenario -->
  <system-out/>
  <testcase classname="cucumber.framework.runner.siloam.ttddigital.TTDDigitalRunner" name="runScenario" time="24.900"/>
  <system-out/>
  <testcase classname="cucumber.framework.runner.siloam.ttddigital.TTDDigitalRunner" name="runScenario" time="10.314"/>
  <system-out/>
  <testcase classname="cucumber.framework.runner.siloam.ttddigital.TTDDigitalRunner" name="runScenario" time="10.076"/>
  <system-out/>
  <testcase classname="cucumber.framework.runner.siloam.ttddigital.TTDDigitalRunner" name="runScenario" time="25.661"/>
  <system-out/>
  <testcase classname="cucumber.framework.runner.siloam.ttddigital.TTDDigitalRunner" name="runScenario" time="7.042"/>
  <system-out/>
  <testcase classname="cucumber.framework.runner.siloam.ttddigital.TTDDigitalRunner" name="runScenario" time="10.266"/>
  <system-out/>
  <testcase classname="cucumber.framework.runner.siloam.ttddigital.TTDDigitalRunner" name="runScenario" time="10.143">
    <failure message="expected [Aditya] but found [ADIT]" type="java.lang.AssertionError">
      <![CDATA[java.lang.AssertionError: expected [Aditya] but found [ADIT]
at org.testng.Assert.fail(Assert.java:110)
at org.testng.Assert.failNotEquals(Assert.java:1413)
at org.testng.Assert.assertEqualsImpl(Assert.java:149)
at org.testng.Assert.assertEquals(Assert.java:131)
at org.testng.Assert.assertEquals(Assert.java:655)
at org.testng.Assert.assertEquals(Assert.java:665)
at cucumber.framework.runner.siloam.ttddigital.TestTTDPageKombinasiLima.siloam120_validasi_data_tersimpan_dan_form_ter_update(TestTTDPageKombinasiLima.java:130)
at ✽.Siloam120 Validasi Data Tersimpan Dan Form Ter-update(file:///C:/Users/NEXSOFT/Documents/GitHub/TA_SQA/TA-SQUAD-AKP/src/test/resources/Features/Siloam/120UpdateDataSalesLimaKombinasi.feature:16)
]]>
    </failure>
  </testcase> <!-- runScenario -->
  <system-out/>
  <testcase classname="cucumber.framework.runner.siloam.ttddigital.TTDDigitalRunner" name="runScenario" time="13.480">
    <failure message="expected [Aditya] but found [ADIT]" type="java.lang.AssertionError">
      <![CDATA[java.lang.AssertionError: expected [Aditya] but found [ADIT]
at org.testng.Assert.fail(Assert.java:110)
at org.testng.Assert.failNotEquals(Assert.java:1413)
at org.testng.Assert.assertEqualsImpl(Assert.java:149)
at org.testng.Assert.assertEquals(Assert.java:131)
at org.testng.Assert.assertEquals(Assert.java:655)
at org.testng.Assert.assertEquals(Assert.java:665)
at cucumber.framework.runner.siloam.ttddigital.TestTTDPageKombinasiLima.siloam120_validasi_data_tersimpan_dan_form_ter_update(TestTTDPageKombinasiLima.java:130)
at ✽.Siloam120 Validasi Data Tersimpan Dan Form Ter-update(file:///C:/Users/NEXSOFT/Documents/GitHub/TA_SQA/TA-SQUAD-AKP/src/test/resources/Features/Siloam/120UpdateDataSalesLimaKombinasi.feature:16)
]]>
    </failure>
  </testcase> <!-- runScenario -->
  <system-out/>
  <testcase classname="cucumber.framework.runner.siloam.ttddigital.TTDDigitalRunner" name="runScenario" time="7.675"/>
  <system-out/>
  <testcase classname="cucumber.framework.runner.siloam.ttddigital.TTDDigitalRunner" name="runScenario" time="25.149"/>
  <system-out/>
  <testcase classname="cucumber.framework.runner.siloam.ttddigital.TTDDigitalRunner" name="runScenario" time="12.276">
    <failure message="expected [Aditya] but found [ADIT]" type="java.lang.AssertionError">
      <![CDATA[java.lang.AssertionError: expected [Aditya] but found [ADIT]
at org.testng.Assert.fail(Assert.java:110)
at org.testng.Assert.failNotEquals(Assert.java:1413)
at org.testng.Assert.assertEqualsImpl(Assert.java:149)
at org.testng.Assert.assertEquals(Assert.java:131)
at org.testng.Assert.assertEquals(Assert.java:655)
at org.testng.Assert.assertEquals(Assert.java:665)
at cucumber.framework.runner.siloam.ttddigital.TestTTDPageKombinasiLima.siloam120_validasi_data_tersimpan_dan_form_ter_update(TestTTDPageKombinasiLima.java:130)
at ✽.Siloam120 Validasi Data Tersimpan Dan Form Ter-update(file:///C:/Users/NEXSOFT/Documents/GitHub/TA_SQA/TA-SQUAD-AKP/src/test/resources/Features/Siloam/120UpdateDataSalesLimaKombinasi.feature:16)
]]>
    </failure>
  </testcase> <!-- runScenario -->
  <system-out/>
  <testcase classname="cucumber.framework.runner.siloam.ttddigital.TTDDigitalRunner" name="runScenario" time="7.763"/>
  <system-out/>
  <testcase classname="cucumber.framework.runner.siloam.ttddigital.TTDDigitalRunner" name="runScenario" time="24.474"/>
  <system-out/>
  <testcase classname="cucumber.framework.runner.siloam.ttddigital.TTDDigitalRunner" name="runScenario" time="20.241">
    <failure message="expected [Aditya] but found [ADIT]" type="java.lang.AssertionError">
      <![CDATA[java.lang.AssertionError: expected [Aditya] but found [ADIT]
at org.testng.Assert.fail(Assert.java:110)
at org.testng.Assert.failNotEquals(Assert.java:1413)
at org.testng.Assert.assertEqualsImpl(Assert.java:149)
at org.testng.Assert.assertEquals(Assert.java:131)
at org.testng.Assert.assertEquals(Assert.java:655)
at org.testng.Assert.assertEquals(Assert.java:665)
at cucumber.framework.runner.siloam.ttddigital.TestTTDPageKombinasiLima.siloam120_validasi_data_tersimpan_dan_form_ter_update(TestTTDPageKombinasiLima.java:130)
at ✽.Siloam120 Validasi Data Tersimpan Dan Form Ter-update(file:///C:/Users/NEXSOFT/Documents/GitHub/TA_SQA/TA-SQUAD-AKP/src/test/resources/Features/Siloam/120UpdateDataSalesLimaKombinasi.feature:16)
]]>
    </failure>
  </testcase> <!-- runScenario -->
  <system-out/>
  <testcase classname="cucumber.framework.runner.siloam.ttddigital.TTDDigitalRunner" name="runScenario" time="20.375"/>
  <system-out/>
  <testcase classname="cucumber.framework.runner.siloam.ttddigital.TTDDigitalRunner" name="runScenario" time="16.684"/>
  <system-out/>
  <testcase classname="cucumber.framework.runner.siloam.ttddigital.TTDDigitalRunner" name="runScenario" time="17.658"/>
  <system-out/>
  <testcase classname="cucumber.framework.runner.siloam.ttddigital.TTDDigitalRunner" name="runScenario" time="7.401"/>
  <system-out/>
  <testcase classname="cucumber.framework.runner.siloam.ttddigital.TTDDigitalRunner" name="runScenario" time="14.638"/>
  <system-out/>
</testsuite> <!-- cucumber.framework.runner.siloam.ttddigital.TTDDigitalRunner -->
